CRITICAL - 2025-06-05 18:04:17 --> ErrorException: Undefined property: Config\ConfigConfig::$platformsPerpage
[Method: GET, Route: platformy]
in APPPATH\Controllers\ControllerPlatformy.php on line 21.
 1 APPPATH\Controllers\ControllerPlatformy.php(21): CodeIgniter\Debug\Exceptions->errorHandler(2, 'Undefined property: Config\\ConfigConfig::$platformsPerpage', 'C:\\laragon-6.0.0\\www\\Hry\\app\\Controllers\\ControllerPlatformy.php', 21)
 2 SYSTEMPATH\CodeIgniter.php(933): App\Controllers\ControllerPlatformy->loadPlatformy()
 3 SYSTEMPATH\CodeIgniter.php(507): CodeIgniter\CodeIgniter->runController(Object(App\Controllers\ControllerPlatformy))
 4 SYSTEMPATH\CodeIgniter.php(354): CodeIgniter\CodeIgniter->handleRequest(null, Object(Config\Cache), false)
 5 SYSTEMPATH\Boot.php(334): CodeIgniter\CodeIgniter->run()
 6 SYSTEMPATH\Boot.php(67): CodeIgniter\Boot::runCodeIgniter(Object(CodeIgniter\CodeIgniter))
 7 FCPATH\index.php(56): CodeIgniter\Boot::bootWeb(Object(Config\Paths))
ERROR - 2025-06-05 18:07:10 --> Error connecting to the database: mysqli_sql_exception: Unknown character set: 'utf8mb4' in C:\laragon-6.0.0\www\Hry\system\Database\MySQLi\Connection.php:225
Stack trace:
#0 C:\laragon-6.0.0\www\Hry\system\Database\MySQLi\Connection.php(225): mysqli->set_charset('utf8mb4')
#1 C:\laragon-6.0.0\www\Hry\system\Database\BaseConnection.php(421): CodeIgniter\Database\MySQLi\Connection->connect(false)
#2 C:\laragon-6.0.0\www\Hry\system\Database\BaseConnection.php(620): CodeIgniter\Database\BaseConnection->initialize()
#3 C:\laragon-6.0.0\www\Hry\system\Database\BaseBuilder.php(1733): CodeIgniter\Database\BaseConnection->query('SELECT COUNT(*)...', Array, false)
#4 C:\laragon-6.0.0\www\Hry\system\Model.php(676): CodeIgniter\Database\BaseBuilder->countAllResults(false)
#5 C:\laragon-6.0.0\www\Hry\system\BaseModel.php(1283): CodeIgniter\Model->countAllResults(false)
#6 C:\laragon-6.0.0\www\Hry\app\Controllers\ControllerPlatformy.php(22): CodeIgniter\BaseModel->paginate(10)
#7 C:\laragon-6.0.0\www\Hry\system\CodeIgniter.php(933): App\Controllers\ControllerPlatformy->loadPlatformy()
#8 C:\laragon-6.0.0\www\Hry\system\CodeIgniter.php(507): CodeIgniter\CodeIgniter->runController(Object(App\Controllers\ControllerPlatformy))
#9 C:\laragon-6.0.0\www\Hry\system\CodeIgniter.php(354): CodeIgniter\CodeIgniter->handleRequest(NULL, Object(Config\Cache), false)
#10 C:\laragon-6.0.0\www\Hry\system\Boot.php(334): CodeIgniter\CodeIgniter->run()
#11 C:\laragon-6.0.0\www\Hry\system\Boot.php(67): CodeIgniter\Boot::runCodeIgniter(Object(CodeIgniter\CodeIgniter))
#12 C:\laragon-6.0.0\www\Hry\index.php(56): CodeIgniter\Boot::bootWeb(Object(Config\Paths))
#13 {main}

Next CodeIgniter\Database\Exceptions\DatabaseException: Unknown character set: 'utf8mb4' in C:\laragon-6.0.0\www\Hry\system\Database\MySQLi\Connection.php:246
Stack trace:
#0 C:\laragon-6.0.0\www\Hry\system\Database\BaseConnection.php(421): CodeIgniter\Database\MySQLi\Connection->connect(false)
#1 C:\laragon-6.0.0\www\Hry\system\Database\BaseConnection.php(620): CodeIgniter\Database\BaseConnection->initialize()
#2 C:\laragon-6.0.0\www\Hry\system\Database\BaseBuilder.php(1733): CodeIgniter\Database\BaseConnection->query('SELECT COUNT(*)...', Array, false)
#3 C:\laragon-6.0.0\www\Hry\system\Model.php(676): CodeIgniter\Database\BaseBuilder->countAllResults(false)
#4 C:\laragon-6.0.0\www\Hry\system\BaseModel.php(1283): CodeIgniter\Model->countAllResults(false)
#5 C:\laragon-6.0.0\www\Hry\app\Controllers\ControllerPlatformy.php(22): CodeIgniter\BaseModel->paginate(10)
#6 C:\laragon-6.0.0\www\Hry\system\CodeIgniter.php(933): App\Controllers\ControllerPlatformy->loadPlatformy()
#7 C:\laragon-6.0.0\www\Hry\system\CodeIgniter.php(507): CodeIgniter\CodeIgniter->runController(Object(App\Controllers\ControllerPlatformy))
#8 C:\laragon-6.0.0\www\Hry\system\CodeIgniter.php(354): CodeIgniter\CodeIgniter->handleRequest(NULL, Object(Config\Cache), false)
#9 C:\laragon-6.0.0\www\Hry\system\Boot.php(334): CodeIgniter\CodeIgniter->run()
#10 C:\laragon-6.0.0\www\Hry\system\Boot.php(67): CodeIgniter\Boot::runCodeIgniter(Object(CodeIgniter\CodeIgniter))
#11 C:\laragon-6.0.0\www\Hry\index.php(56): CodeIgniter\Boot::bootWeb(Object(Config\Paths))
#12 {main}
CRITICAL - 2025-06-05 18:07:10 --> CodeIgniter\Database\Exceptions\DatabaseException: Unable to connect to the database.
Main connection [MySQLi]: Unknown character set: 'utf8mb4'
[Method: GET, Route: platformy]
in SYSTEMPATH\Database\BaseConnection.php on line 467.
 1 SYSTEMPATH\Database\BaseConnection.php(620): CodeIgniter\Database\BaseConnection->initialize()
 2 SYSTEMPATH\Database\BaseBuilder.php(1733): CodeIgniter\Database\BaseConnection->query('SELECT COUNT(*) AS `numrows`
FROM `platforma`', [], false)
 3 SYSTEMPATH\Model.php(676): CodeIgniter\Database\BaseBuilder->countAllResults(false)
 4 SYSTEMPATH\BaseModel.php(1283): CodeIgniter\Model->countAllResults(false)
 5 APPPATH\Controllers\ControllerPlatformy.php(22): CodeIgniter\BaseModel->paginate(10)
 6 SYSTEMPATH\CodeIgniter.php(933): App\Controllers\ControllerPlatformy->loadPlatformy()
 7 SYSTEMPATH\CodeIgniter.php(507): CodeIgniter\CodeIgniter->runController(Object(App\Controllers\ControllerPlatformy))
 8 SYSTEMPATH\CodeIgniter.php(354): CodeIgniter\CodeIgniter->handleRequest(null, Object(Config\Cache), false)
 9 SYSTEMPATH\Boot.php(334): CodeIgniter\CodeIgniter->run()
10 SYSTEMPATH\Boot.php(67): CodeIgniter\Boot::runCodeIgniter(Object(CodeIgniter\CodeIgniter))
11 FCPATH\index.php(56): CodeIgniter\Boot::bootWeb(Object(Config\Paths))
ERROR - 2025-06-05 18:12:20 --> Error connecting to the database: mysqli_sql_exception: Unknown character set: 'utf8mb4' in C:\laragon-6.0.0\www\Hry\system\Database\MySQLi\Connection.php:225
Stack trace:
#0 C:\laragon-6.0.0\www\Hry\system\Database\MySQLi\Connection.php(225): mysqli->set_charset('utf8mb4')
#1 C:\laragon-6.0.0\www\Hry\system\Database\BaseConnection.php(421): CodeIgniter\Database\MySQLi\Connection->connect(false)
#2 C:\laragon-6.0.0\www\Hry\system\Database\BaseConnection.php(620): CodeIgniter\Database\BaseConnection->initialize()
#3 C:\laragon-6.0.0\www\Hry\system\Database\BaseBuilder.php(1733): CodeIgniter\Database\BaseConnection->query('SELECT COUNT(*)...', Array, false)
#4 C:\laragon-6.0.0\www\Hry\system\Model.php(676): CodeIgniter\Database\BaseBuilder->countAllResults(false)
#5 C:\laragon-6.0.0\www\Hry\system\BaseModel.php(1283): CodeIgniter\Model->countAllResults(false)
#6 C:\laragon-6.0.0\www\Hry\app\Controllers\ControllerPlatformy.php(22): CodeIgniter\BaseModel->paginate(10)
#7 C:\laragon-6.0.0\www\Hry\system\CodeIgniter.php(933): App\Controllers\ControllerPlatformy->loadPlatformy()
#8 C:\laragon-6.0.0\www\Hry\system\CodeIgniter.php(507): CodeIgniter\CodeIgniter->runController(Object(App\Controllers\ControllerPlatformy))
#9 C:\laragon-6.0.0\www\Hry\system\CodeIgniter.php(354): CodeIgniter\CodeIgniter->handleRequest(NULL, Object(Config\Cache), false)
#10 C:\laragon-6.0.0\www\Hry\system\Boot.php(334): CodeIgniter\CodeIgniter->run()
#11 C:\laragon-6.0.0\www\Hry\system\Boot.php(67): CodeIgniter\Boot::runCodeIgniter(Object(CodeIgniter\CodeIgniter))
#12 C:\laragon-6.0.0\www\Hry\index.php(56): CodeIgniter\Boot::bootWeb(Object(Config\Paths))
#13 {main}

Next CodeIgniter\Database\Exceptions\DatabaseException: Unknown character set: 'utf8mb4' in C:\laragon-6.0.0\www\Hry\system\Database\MySQLi\Connection.php:246
Stack trace:
#0 C:\laragon-6.0.0\www\Hry\system\Database\BaseConnection.php(421): CodeIgniter\Database\MySQLi\Connection->connect(false)
#1 C:\laragon-6.0.0\www\Hry\system\Database\BaseConnection.php(620): CodeIgniter\Database\BaseConnection->initialize()
#2 C:\laragon-6.0.0\www\Hry\system\Database\BaseBuilder.php(1733): CodeIgniter\Database\BaseConnection->query('SELECT COUNT(*)...', Array, false)
#3 C:\laragon-6.0.0\www\Hry\system\Model.php(676): CodeIgniter\Database\BaseBuilder->countAllResults(false)
#4 C:\laragon-6.0.0\www\Hry\system\BaseModel.php(1283): CodeIgniter\Model->countAllResults(false)
#5 C:\laragon-6.0.0\www\Hry\app\Controllers\ControllerPlatformy.php(22): CodeIgniter\BaseModel->paginate(10)
#6 C:\laragon-6.0.0\www\Hry\system\CodeIgniter.php(933): App\Controllers\ControllerPlatformy->loadPlatformy()
#7 C:\laragon-6.0.0\www\Hry\system\CodeIgniter.php(507): CodeIgniter\CodeIgniter->runController(Object(App\Controllers\ControllerPlatformy))
#8 C:\laragon-6.0.0\www\Hry\system\CodeIgniter.php(354): CodeIgniter\CodeIgniter->handleRequest(NULL, Object(Config\Cache), false)
#9 C:\laragon-6.0.0\www\Hry\system\Boot.php(334): CodeIgniter\CodeIgniter->run()
#10 C:\laragon-6.0.0\www\Hry\system\Boot.php(67): CodeIgniter\Boot::runCodeIgniter(Object(CodeIgniter\CodeIgniter))
#11 C:\laragon-6.0.0\www\Hry\index.php(56): CodeIgniter\Boot::bootWeb(Object(Config\Paths))
#12 {main}
CRITICAL - 2025-06-05 18:12:20 --> CodeIgniter\Database\Exceptions\DatabaseException: Unable to connect to the database.
Main connection [MySQLi]: Unknown character set: 'utf8mb4'
[Method: GET, Route: platformy]
in SYSTEMPATH\Database\BaseConnection.php on line 467.
 1 SYSTEMPATH\Database\BaseConnection.php(620): CodeIgniter\Database\BaseConnection->initialize()
 2 SYSTEMPATH\Database\BaseBuilder.php(1733): CodeIgniter\Database\BaseConnection->query('SELECT COUNT(*) AS `numrows`
FROM `platforma`', [], false)
 3 SYSTEMPATH\Model.php(676): CodeIgniter\Database\BaseBuilder->countAllResults(false)
 4 SYSTEMPATH\BaseModel.php(1283): CodeIgniter\Model->countAllResults(false)
 5 APPPATH\Controllers\ControllerPlatformy.php(22): CodeIgniter\BaseModel->paginate(10)
 6 SYSTEMPATH\CodeIgniter.php(933): App\Controllers\ControllerPlatformy->loadPlatformy()
 7 SYSTEMPATH\CodeIgniter.php(507): CodeIgniter\CodeIgniter->runController(Object(App\Controllers\ControllerPlatformy))
 8 SYSTEMPATH\CodeIgniter.php(354): CodeIgniter\CodeIgniter->handleRequest(null, Object(Config\Cache), false)
 9 SYSTEMPATH\Boot.php(334): CodeIgniter\CodeIgniter->run()
10 SYSTEMPATH\Boot.php(67): CodeIgniter\Boot::runCodeIgniter(Object(CodeIgniter\CodeIgniter))
11 FCPATH\index.php(56): CodeIgniter\Boot::bootWeb(Object(Config\Paths))
