ERROR - 2025-04-24 18:05:26 --> mysqli_sql_exception: You have an error in your SQL syntax; check the manual that corresponds to your MariaDB server version for the right syntax to use near 'NOT NULL,
	CONSTRAINT `pk_zaner` PRIMARY KEY(`id`)
) DEFAULT CHARACTER SET = ...' at line 3 in C:\Users\xdole\Downloads\hry\hry\system\Database\MySQLi\Connection.php:327
Stack trace:
#0 C:\Users\xdole\Downloads\hry\hry\system\Database\MySQLi\Connection.php(327): mysqli->query('CREATE TABLE `z...', 0)
#1 C:\Users\xdole\Downloads\hry\hry\system\Database\BaseConnection.php(738): CodeIgniter\Database\MySQLi\Connection->execute('CREATE TABLE `z...')
#2 C:\Users\xdole\Downloads\hry\hry\system\Database\BaseConnection.php(652): CodeIgniter\Database\BaseConnection->simpleQuery('CREATE TABLE `z...')
#3 C:\Users\xdole\Downloads\hry\hry\system\Database\Forge.php(570): CodeIgniter\Database\BaseConnection->query('CREATE TABLE `z...')
#4 C:\Users\xdole\Downloads\hry\hry\app\Database\Migrations\2025-03-23-121300_MigrationZanr.php(17): CodeIgniter\Database\Forge->createTable('zaner')
#5 C:\Users\xdole\Downloads\hry\hry\system\Database\MigrationRunner.php(866): App\Database\Migrations\MigrationBookAuthor->up()
#6 C:\Users\xdole\Downloads\hry\hry\system\Database\MigrationRunner.php(182): CodeIgniter\Database\MigrationRunner->migrate('up', Object(stdClass))
#7 C:\Users\xdole\Downloads\hry\hry\system\Commands\Database\Migrate.php(85): CodeIgniter\Database\MigrationRunner->latest(NULL)
#8 C:\Users\xdole\Downloads\hry\hry\system\CLI\Commands.php(70): CodeIgniter\Commands\Database\Migrate->run(Array)
#9 C:\Users\xdole\Downloads\hry\hry\system\CLI\Console.php(48): CodeIgniter\CLI\Commands->run('migrate', Array)
#10 C:\Users\xdole\Downloads\hry\hry\system\Boot.php(360): CodeIgniter\CLI\Console->run()
#11 C:\Users\xdole\Downloads\hry\hry\system\Boot.php(104): CodeIgniter\Boot::runCommand(Object(CodeIgniter\CLI\Console))
#12 C:\Users\xdole\Downloads\hry\hry\spark(84): CodeIgniter\Boot::bootSpark(Object(Config\Paths))
#13 {main}
ERROR - 2025-04-24 18:06:38 --> mysqli_sql_exception: You have an error in your SQL syntax; check the manual that corresponds to your MariaDB server version for the right syntax to use near 'NOT NULL,
	CONSTRAINT `pk_zanr` PRIMARY KEY(`id`)
) DEFAULT CHARACTER SET = u...' at line 3 in C:\Users\xdole\Downloads\hry\hry\system\Database\MySQLi\Connection.php:327
Stack trace:
#0 C:\Users\xdole\Downloads\hry\hry\system\Database\MySQLi\Connection.php(327): mysqli->query('CREATE TABLE `z...', 0)
#1 C:\Users\xdole\Downloads\hry\hry\system\Database\BaseConnection.php(738): CodeIgniter\Database\MySQLi\Connection->execute('CREATE TABLE `z...')
#2 C:\Users\xdole\Downloads\hry\hry\system\Database\BaseConnection.php(652): CodeIgniter\Database\BaseConnection->simpleQuery('CREATE TABLE `z...')
#3 C:\Users\xdole\Downloads\hry\hry\system\Database\Forge.php(570): CodeIgniter\Database\BaseConnection->query('CREATE TABLE `z...')
#4 C:\Users\xdole\Downloads\hry\hry\app\Database\Migrations\2025-03-23-121300_MigrationZanr.php(17): CodeIgniter\Database\Forge->createTable('zanr')
#5 C:\Users\xdole\Downloads\hry\hry\system\Database\MigrationRunner.php(866): App\Database\Migrations\MigrationBookAuthor->up()
#6 C:\Users\xdole\Downloads\hry\hry\system\Database\MigrationRunner.php(182): CodeIgniter\Database\MigrationRunner->migrate('up', Object(stdClass))
#7 C:\Users\xdole\Downloads\hry\hry\system\Commands\Database\Migrate.php(85): CodeIgniter\Database\MigrationRunner->latest(NULL)
#8 C:\Users\xdole\Downloads\hry\hry\system\CLI\Commands.php(70): CodeIgniter\Commands\Database\Migrate->run(Array)
#9 C:\Users\xdole\Downloads\hry\hry\system\CLI\Console.php(48): CodeIgniter\CLI\Commands->run('migrate', Array)
#10 C:\Users\xdole\Downloads\hry\hry\system\Boot.php(360): CodeIgniter\CLI\Console->run()
#11 C:\Users\xdole\Downloads\hry\hry\system\Boot.php(104): CodeIgniter\Boot::runCommand(Object(CodeIgniter\CLI\Console))
#12 C:\Users\xdole\Downloads\hry\hry\spark(84): CodeIgniter\Boot::bootSpark(Object(Config\Paths))
#13 {main}
ERROR - 2025-04-24 18:13:18 --> mysqli_sql_exception: You have an error in your SQL syntax; check the manual that corresponds to your MariaDB server version for the right syntax to use near 'NOT NULL,
	CONSTRAINT `pk_zanr` PRIMARY KEY(`id`)
) DEFAULT CHARACTER SET = u...' at line 3 in C:\Users\xdole\Downloads\hry\hry\system\Database\MySQLi\Connection.php:327
Stack trace:
#0 C:\Users\xdole\Downloads\hry\hry\system\Database\MySQLi\Connection.php(327): mysqli->query('CREATE TABLE `z...', 0)
#1 C:\Users\xdole\Downloads\hry\hry\system\Database\BaseConnection.php(738): CodeIgniter\Database\MySQLi\Connection->execute('CREATE TABLE `z...')
#2 C:\Users\xdole\Downloads\hry\hry\system\Database\BaseConnection.php(652): CodeIgniter\Database\BaseConnection->simpleQuery('CREATE TABLE `z...')
#3 C:\Users\xdole\Downloads\hry\hry\system\Database\Forge.php(570): CodeIgniter\Database\BaseConnection->query('CREATE TABLE `z...')
#4 C:\Users\xdole\Downloads\hry\hry\app\Database\Migrations\2025-03-23-121300_MigrationZanr.php(17): CodeIgniter\Database\Forge->createTable('zanr')
#5 C:\Users\xdole\Downloads\hry\hry\system\Database\MigrationRunner.php(866): App\Database\Migrations\MigrationBookAuthor->up()
#6 C:\Users\xdole\Downloads\hry\hry\system\Database\MigrationRunner.php(182): CodeIgniter\Database\MigrationRunner->migrate('up', Object(stdClass))
#7 C:\Users\xdole\Downloads\hry\hry\system\Commands\Database\Migrate.php(85): CodeIgniter\Database\MigrationRunner->latest(NULL)
#8 C:\Users\xdole\Downloads\hry\hry\system\CLI\Commands.php(70): CodeIgniter\Commands\Database\Migrate->run(Array)
#9 C:\Users\xdole\Downloads\hry\hry\system\CLI\Console.php(48): CodeIgniter\CLI\Commands->run('migrate', Array)
#10 C:\Users\xdole\Downloads\hry\hry\system\Boot.php(360): CodeIgniter\CLI\Console->run()
#11 C:\Users\xdole\Downloads\hry\hry\system\Boot.php(104): CodeIgniter\Boot::runCommand(Object(CodeIgniter\CLI\Console))
#12 C:\Users\xdole\Downloads\hry\hry\spark(84): CodeIgniter\Boot::bootSpark(Object(Config\Paths))
#13 {main}
ERROR - 2025-04-24 18:17:36 --> Error connecting to the database: mysqli_sql_exception: Nemohlo být vytvořeno žádné připojení, protože cílový počítač je aktivně odmítl in C:\Users\xdole\Downloads\hry\hry\system\Database\MySQLi\Connection.php:201
Stack trace:
#0 C:\Users\xdole\Downloads\hry\hry\system\Database\MySQLi\Connection.php(201): mysqli->real_connect('localhost', 'root', Object(SensitiveParameterValue), 'hry', 3306, '', 0)
#1 C:\Users\xdole\Downloads\hry\hry\system\Database\BaseConnection.php(421): CodeIgniter\Database\MySQLi\Connection->connect(false)
#2 C:\Users\xdole\Downloads\hry\hry\system\Database\BaseConnection.php(620): CodeIgniter\Database\BaseConnection->initialize()
#3 C:\Users\xdole\Downloads\hry\hry\system\Database\BaseConnection.php(1525): CodeIgniter\Database\BaseConnection->query('SHOW TABLES FRO...')
#4 C:\Users\xdole\Downloads\hry\hry\system\Database\BaseConnection.php(1545): CodeIgniter\Database\BaseConnection->listTables()
#5 C:\Users\xdole\Downloads\hry\hry\system\Database\MigrationRunner.php(758): CodeIgniter\Database\BaseConnection->tableExists('migrations')
#6 C:\Users\xdole\Downloads\hry\hry\system\Database\MigrationRunner.php(162): CodeIgniter\Database\MigrationRunner->ensureTable()
#7 C:\Users\xdole\Downloads\hry\hry\system\Commands\Database\Migrate.php(85): CodeIgniter\Database\MigrationRunner->latest(NULL)
#8 C:\Users\xdole\Downloads\hry\hry\system\CLI\Commands.php(70): CodeIgniter\Commands\Database\Migrate->run(Array)
#9 C:\Users\xdole\Downloads\hry\hry\system\CLI\Console.php(48): CodeIgniter\CLI\Commands->run('migrate', Array)
#10 C:\Users\xdole\Downloads\hry\hry\system\Boot.php(360): CodeIgniter\CLI\Console->run()
#11 C:\Users\xdole\Downloads\hry\hry\system\Boot.php(104): CodeIgniter\Boot::runCommand(Object(CodeIgniter\CLI\Console))
#12 C:\Users\xdole\Downloads\hry\hry\spark(84): CodeIgniter\Boot::bootSpark(Object(Config\Paths))
#13 {main}

Next CodeIgniter\Database\Exceptions\DatabaseException: Nemohlo být vytvořeno žádné připojení, protože cílový počítač je aktivně odmítl in C:\Users\xdole\Downloads\hry\hry\system\Database\MySQLi\Connection.php:246
Stack trace:
#0 C:\Users\xdole\Downloads\hry\hry\system\Database\BaseConnection.php(421): CodeIgniter\Database\MySQLi\Connection->connect(false)
#1 C:\Users\xdole\Downloads\hry\hry\system\Database\BaseConnection.php(620): CodeIgniter\Database\BaseConnection->initialize()
#2 C:\Users\xdole\Downloads\hry\hry\system\Database\BaseConnection.php(1525): CodeIgniter\Database\BaseConnection->query('SHOW TABLES FRO...')
#3 C:\Users\xdole\Downloads\hry\hry\system\Database\BaseConnection.php(1545): CodeIgniter\Database\BaseConnection->listTables()
#4 C:\Users\xdole\Downloads\hry\hry\system\Database\MigrationRunner.php(758): CodeIgniter\Database\BaseConnection->tableExists('migrations')
#5 C:\Users\xdole\Downloads\hry\hry\system\Database\MigrationRunner.php(162): CodeIgniter\Database\MigrationRunner->ensureTable()
#6 C:\Users\xdole\Downloads\hry\hry\system\Commands\Database\Migrate.php(85): CodeIgniter\Database\MigrationRunner->latest(NULL)
#7 C:\Users\xdole\Downloads\hry\hry\system\CLI\Commands.php(70): CodeIgniter\Commands\Database\Migrate->run(Array)
#8 C:\Users\xdole\Downloads\hry\hry\system\CLI\Console.php(48): CodeIgniter\CLI\Commands->run('migrate', Array)
#9 C:\Users\xdole\Downloads\hry\hry\system\Boot.php(360): CodeIgniter\CLI\Console->run()
#10 C:\Users\xdole\Downloads\hry\hry\system\Boot.php(104): CodeIgniter\Boot::runCommand(Object(CodeIgniter\CLI\Console))
#11 C:\Users\xdole\Downloads\hry\hry\spark(84): CodeIgniter\Boot::bootSpark(Object(Config\Paths))
#12 {main}
ERROR - 2025-04-24 18:19:56 --> mysqli_sql_exception: You have an error in your SQL syntax; check the manual that corresponds to your MariaDB server version for the right syntax to use near 'NOT NULL,
	CONSTRAINT `pk_zanr` PRIMARY KEY(`id`)
) DEFAULT CHARACTER SET = u...' at line 3 in C:\Users\xdole\Downloads\hry\hry\system\Database\MySQLi\Connection.php:327
Stack trace:
#0 C:\Users\xdole\Downloads\hry\hry\system\Database\MySQLi\Connection.php(327): mysqli->query('CREATE TABLE `z...', 0)
#1 C:\Users\xdole\Downloads\hry\hry\system\Database\BaseConnection.php(738): CodeIgniter\Database\MySQLi\Connection->execute('CREATE TABLE `z...')
#2 C:\Users\xdole\Downloads\hry\hry\system\Database\BaseConnection.php(652): CodeIgniter\Database\BaseConnection->simpleQuery('CREATE TABLE `z...')
#3 C:\Users\xdole\Downloads\hry\hry\system\Database\Forge.php(570): CodeIgniter\Database\BaseConnection->query('CREATE TABLE `z...')
#4 C:\Users\xdole\Downloads\hry\hry\app\Database\Migrations\2025-03-23-121300_MigrationZanr.php(17): CodeIgniter\Database\Forge->createTable('zanr')
#5 C:\Users\xdole\Downloads\hry\hry\system\Database\MigrationRunner.php(866): App\Database\Migrations\MigrationBookAuthor->up()
#6 C:\Users\xdole\Downloads\hry\hry\system\Database\MigrationRunner.php(182): CodeIgniter\Database\MigrationRunner->migrate('up', Object(stdClass))
#7 C:\Users\xdole\Downloads\hry\hry\system\Commands\Database\Migrate.php(85): CodeIgniter\Database\MigrationRunner->latest(NULL)
#8 C:\Users\xdole\Downloads\hry\hry\system\CLI\Commands.php(70): CodeIgniter\Commands\Database\Migrate->run(Array)
#9 C:\Users\xdole\Downloads\hry\hry\system\CLI\Console.php(48): CodeIgniter\CLI\Commands->run('migrate', Array)
#10 C:\Users\xdole\Downloads\hry\hry\system\Boot.php(360): CodeIgniter\CLI\Console->run()
#11 C:\Users\xdole\Downloads\hry\hry\system\Boot.php(104): CodeIgniter\Boot::runCommand(Object(CodeIgniter\CLI\Console))
#12 C:\Users\xdole\Downloads\hry\hry\spark(84): CodeIgniter\Boot::bootSpark(Object(Config\Paths))
#13 {main}
ERROR - 2025-04-24 18:25:49 --> mysqli_sql_exception: You have an error in your SQL syntax; check the manual that corresponds to your MariaDB server version for the right syntax to use near 'NOT NULL,
	CONSTRAINT `pk_zanr` PRIMARY KEY(`id`)
) DEFAULT CHARACTER SET = u...' at line 3 in C:\xampp\htdocs\dolezal_vaclav\hry\system\Database\MySQLi\Connection.php:327
Stack trace:
#0 C:\xampp\htdocs\dolezal_vaclav\hry\system\Database\MySQLi\Connection.php(327): mysqli->query('CREATE TABLE `z...', 0)
#1 C:\xampp\htdocs\dolezal_vaclav\hry\system\Database\BaseConnection.php(738): CodeIgniter\Database\MySQLi\Connection->execute('CREATE TABLE `z...')
#2 C:\xampp\htdocs\dolezal_vaclav\hry\system\Database\BaseConnection.php(652): CodeIgniter\Database\BaseConnection->simpleQuery('CREATE TABLE `z...')
#3 C:\xampp\htdocs\dolezal_vaclav\hry\system\Database\Forge.php(570): CodeIgniter\Database\BaseConnection->query('CREATE TABLE `z...')
#4 C:\xampp\htdocs\dolezal_vaclav\hry\app\Database\Migrations\2025-03-23-121300_MigrationZanr.php(17): CodeIgniter\Database\Forge->createTable('zanr')
#5 C:\xampp\htdocs\dolezal_vaclav\hry\system\Database\MigrationRunner.php(866): App\Database\Migrations\MigrationBookAuthor->up()
#6 C:\xampp\htdocs\dolezal_vaclav\hry\system\Database\MigrationRunner.php(182): CodeIgniter\Database\MigrationRunner->migrate('up', Object(stdClass))
#7 C:\xampp\htdocs\dolezal_vaclav\hry\system\Commands\Database\Migrate.php(85): CodeIgniter\Database\MigrationRunner->latest(NULL)
#8 C:\xampp\htdocs\dolezal_vaclav\hry\system\CLI\Commands.php(70): CodeIgniter\Commands\Database\Migrate->run(Array)
#9 C:\xampp\htdocs\dolezal_vaclav\hry\system\CLI\Console.php(48): CodeIgniter\CLI\Commands->run('migrate', Array)
#10 C:\xampp\htdocs\dolezal_vaclav\hry\system\Boot.php(360): CodeIgniter\CLI\Console->run()
#11 C:\xampp\htdocs\dolezal_vaclav\hry\system\Boot.php(104): CodeIgniter\Boot::runCommand(Object(CodeIgniter\CLI\Console))
#12 C:\xampp\htdocs\dolezal_vaclav\hry\spark(84): CodeIgniter\Boot::bootSpark(Object(Config\Paths))
#13 {main}
ERROR - 2025-04-24 18:28:30 --> mysqli_sql_exception: Can't create table `hry`.`hra_platforma` (errno: 150 "Foreign key constraint is incorrectly formed") in C:\xampp\htdocs\dolezal_vaclav\hry\system\Database\MySQLi\Connection.php:327
Stack trace:
#0 C:\xampp\htdocs\dolezal_vaclav\hry\system\Database\MySQLi\Connection.php(327): mysqli->query('CREATE TABLE `h...', 0)
#1 C:\xampp\htdocs\dolezal_vaclav\hry\system\Database\BaseConnection.php(738): CodeIgniter\Database\MySQLi\Connection->execute('CREATE TABLE `h...')
#2 C:\xampp\htdocs\dolezal_vaclav\hry\system\Database\BaseConnection.php(652): CodeIgniter\Database\BaseConnection->simpleQuery('CREATE TABLE `h...')
#3 C:\xampp\htdocs\dolezal_vaclav\hry\system\Database\Forge.php(570): CodeIgniter\Database\BaseConnection->query('CREATE TABLE `h...')
#4 C:\xampp\htdocs\dolezal_vaclav\hry\app\Database\Migrations\2025-03-23-121300_MigrationHryPlatforma.php(19): CodeIgniter\Database\Forge->createTable('hra_platforma')
#5 C:\xampp\htdocs\dolezal_vaclav\hry\system\Database\MigrationRunner.php(866): App\Database\Migrations\MigrationBookAuthor->up()
#6 C:\xampp\htdocs\dolezal_vaclav\hry\system\Database\MigrationRunner.php(182): CodeIgniter\Database\MigrationRunner->migrate('up', Object(stdClass))
#7 C:\xampp\htdocs\dolezal_vaclav\hry\system\Commands\Database\Migrate.php(85): CodeIgniter\Database\MigrationRunner->latest(NULL)
#8 C:\xampp\htdocs\dolezal_vaclav\hry\system\CLI\Commands.php(70): CodeIgniter\Commands\Database\Migrate->run(Array)
#9 C:\xampp\htdocs\dolezal_vaclav\hry\system\CLI\Console.php(48): CodeIgniter\CLI\Commands->run('migrate', Array)
#10 C:\xampp\htdocs\dolezal_vaclav\hry\system\Boot.php(360): CodeIgniter\CLI\Console->run()
#11 C:\xampp\htdocs\dolezal_vaclav\hry\system\Boot.php(104): CodeIgniter\Boot::runCommand(Object(CodeIgniter\CLI\Console))
#12 C:\xampp\htdocs\dolezal_vaclav\hry\spark(84): CodeIgniter\Boot::bootSpark(Object(Config\Paths))
#13 {main}
ERROR - 2025-04-24 18:31:51 --> mysqli_sql_exception: Can't create table `hry`.`hra_platforma` (errno: 150 "Foreign key constraint is incorrectly formed") in C:\xampp\htdocs\dolezal_vaclav\hry\system\Database\MySQLi\Connection.php:327
Stack trace:
#0 C:\xampp\htdocs\dolezal_vaclav\hry\system\Database\MySQLi\Connection.php(327): mysqli->query('CREATE TABLE `h...', 0)
#1 C:\xampp\htdocs\dolezal_vaclav\hry\system\Database\BaseConnection.php(738): CodeIgniter\Database\MySQLi\Connection->execute('CREATE TABLE `h...')
#2 C:\xampp\htdocs\dolezal_vaclav\hry\system\Database\BaseConnection.php(652): CodeIgniter\Database\BaseConnection->simpleQuery('CREATE TABLE `h...')
#3 C:\xampp\htdocs\dolezal_vaclav\hry\system\Database\Forge.php(570): CodeIgniter\Database\BaseConnection->query('CREATE TABLE `h...')
#4 C:\xampp\htdocs\dolezal_vaclav\hry\app\Database\Migrations\2025-03-23-121300_MigrationHryPlatforma.php(19): CodeIgniter\Database\Forge->createTable('hra_platforma')
#5 C:\xampp\htdocs\dolezal_vaclav\hry\system\Database\MigrationRunner.php(866): App\Database\Migrations\MigrationBookAuthor->up()
#6 C:\xampp\htdocs\dolezal_vaclav\hry\system\Database\MigrationRunner.php(182): CodeIgniter\Database\MigrationRunner->migrate('up', Object(stdClass))
#7 C:\xampp\htdocs\dolezal_vaclav\hry\system\Commands\Database\Migrate.php(85): CodeIgniter\Database\MigrationRunner->latest(NULL)
#8 C:\xampp\htdocs\dolezal_vaclav\hry\system\CLI\Commands.php(70): CodeIgniter\Commands\Database\Migrate->run(Array)
#9 C:\xampp\htdocs\dolezal_vaclav\hry\system\CLI\Console.php(48): CodeIgniter\CLI\Commands->run('migrate', Array)
#10 C:\xampp\htdocs\dolezal_vaclav\hry\system\Boot.php(360): CodeIgniter\CLI\Console->run()
#11 C:\xampp\htdocs\dolezal_vaclav\hry\system\Boot.php(104): CodeIgniter\Boot::runCommand(Object(CodeIgniter\CLI\Console))
#12 C:\xampp\htdocs\dolezal_vaclav\hry\spark(84): CodeIgniter\Boot::bootSpark(Object(Config\Paths))
#13 {main}
ERROR - 2025-04-24 18:38:13 --> mysqli_sql_exception: Can't create table `hry`.`hra_platforma` (errno: 150 "Foreign key constraint is incorrectly formed") in C:\xampp\htdocs\dolezal_vaclav\hry\system\Database\MySQLi\Connection.php:327
Stack trace:
#0 C:\xampp\htdocs\dolezal_vaclav\hry\system\Database\MySQLi\Connection.php(327): mysqli->query('CREATE TABLE `h...', 0)
#1 C:\xampp\htdocs\dolezal_vaclav\hry\system\Database\BaseConnection.php(738): CodeIgniter\Database\MySQLi\Connection->execute('CREATE TABLE `h...')
#2 C:\xampp\htdocs\dolezal_vaclav\hry\system\Database\BaseConnection.php(652): CodeIgniter\Database\BaseConnection->simpleQuery('CREATE TABLE `h...')
#3 C:\xampp\htdocs\dolezal_vaclav\hry\system\Database\Forge.php(570): CodeIgniter\Database\BaseConnection->query('CREATE TABLE `h...')
#4 C:\xampp\htdocs\dolezal_vaclav\hry\app\Database\Migrations\2025-03-23-121300_MigrationHryPlatforma.php(19): CodeIgniter\Database\Forge->createTable('hra_platforma')
#5 C:\xampp\htdocs\dolezal_vaclav\hry\system\Database\MigrationRunner.php(866): App\Database\Migrations\MigrationBookAuthor->up()
#6 C:\xampp\htdocs\dolezal_vaclav\hry\system\Database\MigrationRunner.php(182): CodeIgniter\Database\MigrationRunner->migrate('up', Object(stdClass))
#7 C:\xampp\htdocs\dolezal_vaclav\hry\system\Commands\Database\Migrate.php(85): CodeIgniter\Database\MigrationRunner->latest(NULL)
#8 C:\xampp\htdocs\dolezal_vaclav\hry\system\CLI\Commands.php(70): CodeIgniter\Commands\Database\Migrate->run(Array)
#9 C:\xampp\htdocs\dolezal_vaclav\hry\system\CLI\Console.php(48): CodeIgniter\CLI\Commands->run('migrate', Array)
#10 C:\xampp\htdocs\dolezal_vaclav\hry\system\Boot.php(360): CodeIgniter\CLI\Console->run()
#11 C:\xampp\htdocs\dolezal_vaclav\hry\system\Boot.php(104): CodeIgniter\Boot::runCommand(Object(CodeIgniter\CLI\Console))
#12 C:\xampp\htdocs\dolezal_vaclav\hry\spark(84): CodeIgniter\Boot::bootSpark(Object(Config\Paths))
#13 {main}
ERROR - 2025-04-24 18:40:18 --> mysqli_sql_exception: Can't create table `hry`.`hra_platforma` (errno: 150 "Foreign key constraint is incorrectly formed") in C:\xampp\htdocs\dolezal_vaclav\hry\system\Database\MySQLi\Connection.php:327
Stack trace:
#0 C:\xampp\htdocs\dolezal_vaclav\hry\system\Database\MySQLi\Connection.php(327): mysqli->query('CREATE TABLE `h...', 0)
#1 C:\xampp\htdocs\dolezal_vaclav\hry\system\Database\BaseConnection.php(738): CodeIgniter\Database\MySQLi\Connection->execute('CREATE TABLE `h...')
#2 C:\xampp\htdocs\dolezal_vaclav\hry\system\Database\BaseConnection.php(652): CodeIgniter\Database\BaseConnection->simpleQuery('CREATE TABLE `h...')
#3 C:\xampp\htdocs\dolezal_vaclav\hry\system\Database\Forge.php(570): CodeIgniter\Database\BaseConnection->query('CREATE TABLE `h...')
#4 C:\xampp\htdocs\dolezal_vaclav\hry\app\Database\Migrations\2025-03-23-121300_MigrationHryPlatforma.php(19): CodeIgniter\Database\Forge->createTable('hra_platforma')
#5 C:\xampp\htdocs\dolezal_vaclav\hry\system\Database\MigrationRunner.php(866): App\Database\Migrations\MigrationBookAuthor->up()
#6 C:\xampp\htdocs\dolezal_vaclav\hry\system\Database\MigrationRunner.php(182): CodeIgniter\Database\MigrationRunner->migrate('up', Object(stdClass))
#7 C:\xampp\htdocs\dolezal_vaclav\hry\system\Commands\Database\Migrate.php(85): CodeIgniter\Database\MigrationRunner->latest(NULL)
#8 C:\xampp\htdocs\dolezal_vaclav\hry\system\CLI\Commands.php(70): CodeIgniter\Commands\Database\Migrate->run(Array)
#9 C:\xampp\htdocs\dolezal_vaclav\hry\system\CLI\Console.php(48): CodeIgniter\CLI\Commands->run('migrate', Array)
#10 C:\xampp\htdocs\dolezal_vaclav\hry\system\Boot.php(360): CodeIgniter\CLI\Console->run()
#11 C:\xampp\htdocs\dolezal_vaclav\hry\system\Boot.php(104): CodeIgniter\Boot::runCommand(Object(CodeIgniter\CLI\Console))
#12 C:\xampp\htdocs\dolezal_vaclav\hry\spark(84): CodeIgniter\Boot::bootSpark(Object(Config\Paths))
#13 {main}
ERROR - 2025-04-24 18:40:30 --> mysqli_sql_exception: Can't create table `hry`.`hra_platforma` (errno: 150 "Foreign key constraint is incorrectly formed") in C:\xampp\htdocs\dolezal_vaclav\hry\system\Database\MySQLi\Connection.php:327
Stack trace:
#0 C:\xampp\htdocs\dolezal_vaclav\hry\system\Database\MySQLi\Connection.php(327): mysqli->query('CREATE TABLE `h...', 0)
#1 C:\xampp\htdocs\dolezal_vaclav\hry\system\Database\BaseConnection.php(738): CodeIgniter\Database\MySQLi\Connection->execute('CREATE TABLE `h...')
#2 C:\xampp\htdocs\dolezal_vaclav\hry\system\Database\BaseConnection.php(652): CodeIgniter\Database\BaseConnection->simpleQuery('CREATE TABLE `h...')
#3 C:\xampp\htdocs\dolezal_vaclav\hry\system\Database\Forge.php(570): CodeIgniter\Database\BaseConnection->query('CREATE TABLE `h...')
#4 C:\xampp\htdocs\dolezal_vaclav\hry\app\Database\Migrations\2025-03-23-121300_MigrationHryPlatforma.php(19): CodeIgniter\Database\Forge->createTable('hra_platforma')
#5 C:\xampp\htdocs\dolezal_vaclav\hry\system\Database\MigrationRunner.php(866): App\Database\Migrations\MigrationBookAuthor->up()
#6 C:\xampp\htdocs\dolezal_vaclav\hry\system\Database\MigrationRunner.php(182): CodeIgniter\Database\MigrationRunner->migrate('up', Object(stdClass))
#7 C:\xampp\htdocs\dolezal_vaclav\hry\system\Commands\Database\Migrate.php(85): CodeIgniter\Database\MigrationRunner->latest(NULL)
#8 C:\xampp\htdocs\dolezal_vaclav\hry\system\CLI\Commands.php(70): CodeIgniter\Commands\Database\Migrate->run(Array)
#9 C:\xampp\htdocs\dolezal_vaclav\hry\system\CLI\Console.php(48): CodeIgniter\CLI\Commands->run('migrate', Array)
#10 C:\xampp\htdocs\dolezal_vaclav\hry\system\Boot.php(360): CodeIgniter\CLI\Console->run()
#11 C:\xampp\htdocs\dolezal_vaclav\hry\system\Boot.php(104): CodeIgniter\Boot::runCommand(Object(CodeIgniter\CLI\Console))
#12 C:\xampp\htdocs\dolezal_vaclav\hry\spark(84): CodeIgniter\Boot::bootSpark(Object(Config\Paths))
#13 {main}
ERROR - 2025-04-24 18:42:06 --> mysqli_sql_exception: You have an error in your SQL syntax; check the manual that corresponds to your MariaDB server version for the right syntax to use near 'NOT NULL,
	CONSTRAINT `pk_zanr` PRIMARY KEY(`id`)
) DEFAULT CHARACTER SET = u...' at line 3 in C:\xampp\htdocs\dolezal_vaclav\hry\system\Database\MySQLi\Connection.php:327
Stack trace:
#0 C:\xampp\htdocs\dolezal_vaclav\hry\system\Database\MySQLi\Connection.php(327): mysqli->query('CREATE TABLE `z...', 0)
#1 C:\xampp\htdocs\dolezal_vaclav\hry\system\Database\BaseConnection.php(738): CodeIgniter\Database\MySQLi\Connection->execute('CREATE TABLE `z...')
#2 C:\xampp\htdocs\dolezal_vaclav\hry\system\Database\BaseConnection.php(652): CodeIgniter\Database\BaseConnection->simpleQuery('CREATE TABLE `z...')
#3 C:\xampp\htdocs\dolezal_vaclav\hry\system\Database\Forge.php(570): CodeIgniter\Database\BaseConnection->query('CREATE TABLE `z...')
#4 C:\xampp\htdocs\dolezal_vaclav\hry\app\Database\Migrations\2025-03-23-121300_MigrationZanr.php(17): CodeIgniter\Database\Forge->createTable('zanr')
#5 C:\xampp\htdocs\dolezal_vaclav\hry\system\Database\MigrationRunner.php(866): App\Database\Migrations\MigrationBookAuthor->up()
#6 C:\xampp\htdocs\dolezal_vaclav\hry\system\Database\MigrationRunner.php(182): CodeIgniter\Database\MigrationRunner->migrate('up', Object(stdClass))
#7 C:\xampp\htdocs\dolezal_vaclav\hry\system\Commands\Database\Migrate.php(85): CodeIgniter\Database\MigrationRunner->latest(NULL)
#8 C:\xampp\htdocs\dolezal_vaclav\hry\system\CLI\Commands.php(70): CodeIgniter\Commands\Database\Migrate->run(Array)
#9 C:\xampp\htdocs\dolezal_vaclav\hry\system\CLI\Console.php(48): CodeIgniter\CLI\Commands->run('migrate', Array)
#10 C:\xampp\htdocs\dolezal_vaclav\hry\system\Boot.php(360): CodeIgniter\CLI\Console->run()
#11 C:\xampp\htdocs\dolezal_vaclav\hry\system\Boot.php(104): CodeIgniter\Boot::runCommand(Object(CodeIgniter\CLI\Console))
#12 C:\xampp\htdocs\dolezal_vaclav\hry\spark(84): CodeIgniter\Boot::bootSpark(Object(Config\Paths))
#13 {main}
ERROR - 2025-04-24 18:47:11 --> mysqli_sql_exception: You have an error in your SQL syntax; check the manual that corresponds to your MariaDB server version for the right syntax to use near 'NOT NULL,
	CONSTRAINT `pk_zanr` PRIMARY KEY(`id`)
) DEFAULT CHARACTER SET = u...' at line 3 in C:\xampp\htdocs\dolezal_vaclav\hry\system\Database\MySQLi\Connection.php:327
Stack trace:
#0 C:\xampp\htdocs\dolezal_vaclav\hry\system\Database\MySQLi\Connection.php(327): mysqli->query('CREATE TABLE `z...', 0)
#1 C:\xampp\htdocs\dolezal_vaclav\hry\system\Database\BaseConnection.php(738): CodeIgniter\Database\MySQLi\Connection->execute('CREATE TABLE `z...')
#2 C:\xampp\htdocs\dolezal_vaclav\hry\system\Database\BaseConnection.php(652): CodeIgniter\Database\BaseConnection->simpleQuery('CREATE TABLE `z...')
#3 C:\xampp\htdocs\dolezal_vaclav\hry\system\Database\Forge.php(570): CodeIgniter\Database\BaseConnection->query('CREATE TABLE `z...')
#4 C:\xampp\htdocs\dolezal_vaclav\hry\app\Database\Migrations\2025-03-23-121300_MigrationZanr.php(17): CodeIgniter\Database\Forge->createTable('zanr')
#5 C:\xampp\htdocs\dolezal_vaclav\hry\system\Database\MigrationRunner.php(866): App\Database\Migrations\MigrationBookAuthor->up()
#6 C:\xampp\htdocs\dolezal_vaclav\hry\system\Database\MigrationRunner.php(182): CodeIgniter\Database\MigrationRunner->migrate('up', Object(stdClass))
#7 C:\xampp\htdocs\dolezal_vaclav\hry\system\Commands\Database\Migrate.php(85): CodeIgniter\Database\MigrationRunner->latest(NULL)
#8 C:\xampp\htdocs\dolezal_vaclav\hry\system\CLI\Commands.php(70): CodeIgniter\Commands\Database\Migrate->run(Array)
#9 C:\xampp\htdocs\dolezal_vaclav\hry\system\CLI\Console.php(48): CodeIgniter\CLI\Commands->run('migrate', Array)
#10 C:\xampp\htdocs\dolezal_vaclav\hry\system\Boot.php(360): CodeIgniter\CLI\Console->run()
#11 C:\xampp\htdocs\dolezal_vaclav\hry\system\Boot.php(104): CodeIgniter\Boot::runCommand(Object(CodeIgniter\CLI\Console))
#12 C:\xampp\htdocs\dolezal_vaclav\hry\spark(84): CodeIgniter\Boot::bootSpark(Object(Config\Paths))
#13 {main}
ERROR - 2025-04-24 18:50:12 --> mysqli_sql_exception: You have an error in your SQL syntax; check the manual that corresponds to your MariaDB server version for the right syntax to use near 'NOT NULL,
	CONSTRAINT `pk_zanr` PRIMARY KEY(`id`)
) DEFAULT CHARACTER SET = u...' at line 3 in C:\xampp\htdocs\dolezal_vaclav\hry\system\Database\MySQLi\Connection.php:327
Stack trace:
#0 C:\xampp\htdocs\dolezal_vaclav\hry\system\Database\MySQLi\Connection.php(327): mysqli->query('CREATE TABLE `z...', 0)
#1 C:\xampp\htdocs\dolezal_vaclav\hry\system\Database\BaseConnection.php(738): CodeIgniter\Database\MySQLi\Connection->execute('CREATE TABLE `z...')
#2 C:\xampp\htdocs\dolezal_vaclav\hry\system\Database\BaseConnection.php(652): CodeIgniter\Database\BaseConnection->simpleQuery('CREATE TABLE `z...')
#3 C:\xampp\htdocs\dolezal_vaclav\hry\system\Database\Forge.php(570): CodeIgniter\Database\BaseConnection->query('CREATE TABLE `z...')
#4 C:\xampp\htdocs\dolezal_vaclav\hry\app\Database\Migrations\2025-03-23-121300_MigrationZanr.php(17): CodeIgniter\Database\Forge->createTable('zanr')
#5 C:\xampp\htdocs\dolezal_vaclav\hry\system\Database\MigrationRunner.php(866): App\Database\Migrations\MigrationBookAuthor->up()
#6 C:\xampp\htdocs\dolezal_vaclav\hry\system\Database\MigrationRunner.php(182): CodeIgniter\Database\MigrationRunner->migrate('up', Object(stdClass))
#7 C:\xampp\htdocs\dolezal_vaclav\hry\system\Commands\Database\Migrate.php(85): CodeIgniter\Database\MigrationRunner->latest(NULL)
#8 C:\xampp\htdocs\dolezal_vaclav\hry\system\CLI\Commands.php(70): CodeIgniter\Commands\Database\Migrate->run(Array)
#9 C:\xampp\htdocs\dolezal_vaclav\hry\system\CLI\Console.php(48): CodeIgniter\CLI\Commands->run('migrate', Array)
#10 C:\xampp\htdocs\dolezal_vaclav\hry\system\Boot.php(360): CodeIgniter\CLI\Console->run()
#11 C:\xampp\htdocs\dolezal_vaclav\hry\system\Boot.php(104): CodeIgniter\Boot::runCommand(Object(CodeIgniter\CLI\Console))
#12 C:\xampp\htdocs\dolezal_vaclav\hry\spark(84): CodeIgniter\Boot::bootSpark(Object(Config\Paths))
#13 {main}
ERROR - 2025-04-24 18:51:26 --> mysqli_sql_exception: You have an error in your SQL syntax; check the manual that corresponds to your MariaDB server version for the right syntax to use near 'NOT NULL,
	CONSTRAINT `pk_zanr` PRIMARY KEY(`id`)
) DEFAULT CHARACTER SET = u...' at line 3 in C:\xampp\htdocs\dolezal_vaclav\hry\system\Database\MySQLi\Connection.php:327
Stack trace:
#0 C:\xampp\htdocs\dolezal_vaclav\hry\system\Database\MySQLi\Connection.php(327): mysqli->query('CREATE TABLE `z...', 0)
#1 C:\xampp\htdocs\dolezal_vaclav\hry\system\Database\BaseConnection.php(738): CodeIgniter\Database\MySQLi\Connection->execute('CREATE TABLE `z...')
#2 C:\xampp\htdocs\dolezal_vaclav\hry\system\Database\BaseConnection.php(652): CodeIgniter\Database\BaseConnection->simpleQuery('CREATE TABLE `z...')
#3 C:\xampp\htdocs\dolezal_vaclav\hry\system\Database\Forge.php(570): CodeIgniter\Database\BaseConnection->query('CREATE TABLE `z...')
#4 C:\xampp\htdocs\dolezal_vaclav\hry\app\Database\Migrations\2025-03-23-121300_MigrationZanr.php(17): CodeIgniter\Database\Forge->createTable('zanr')
#5 C:\xampp\htdocs\dolezal_vaclav\hry\system\Database\MigrationRunner.php(866): App\Database\Migrations\MigrationZanrAuthor->up()
#6 C:\xampp\htdocs\dolezal_vaclav\hry\system\Database\MigrationRunner.php(182): CodeIgniter\Database\MigrationRunner->migrate('up', Object(stdClass))
#7 C:\xampp\htdocs\dolezal_vaclav\hry\system\Commands\Database\Migrate.php(85): CodeIgniter\Database\MigrationRunner->latest(NULL)
#8 C:\xampp\htdocs\dolezal_vaclav\hry\system\CLI\Commands.php(70): CodeIgniter\Commands\Database\Migrate->run(Array)
#9 C:\xampp\htdocs\dolezal_vaclav\hry\system\CLI\Console.php(48): CodeIgniter\CLI\Commands->run('migrate', Array)
#10 C:\xampp\htdocs\dolezal_vaclav\hry\system\Boot.php(360): CodeIgniter\CLI\Console->run()
#11 C:\xampp\htdocs\dolezal_vaclav\hry\system\Boot.php(104): CodeIgniter\Boot::runCommand(Object(CodeIgniter\CLI\Console))
#12 C:\xampp\htdocs\dolezal_vaclav\hry\spark(84): CodeIgniter\Boot::bootSpark(Object(Config\Paths))
#13 {main}
ERROR - 2025-04-24 18:52:40 --> mysqli_sql_exception: Can't create table `hry`.`hra` (errno: 150 "Foreign key constraint is incorrectly formed") in C:\xampp\htdocs\dolezal_vaclav\hry\system\Database\MySQLi\Connection.php:327
Stack trace:
#0 C:\xampp\htdocs\dolezal_vaclav\hry\system\Database\MySQLi\Connection.php(327): mysqli->query('CREATE TABLE `h...', 0)
#1 C:\xampp\htdocs\dolezal_vaclav\hry\system\Database\BaseConnection.php(738): CodeIgniter\Database\MySQLi\Connection->execute('CREATE TABLE `h...')
#2 C:\xampp\htdocs\dolezal_vaclav\hry\system\Database\BaseConnection.php(652): CodeIgniter\Database\BaseConnection->simpleQuery('CREATE TABLE `h...')
#3 C:\xampp\htdocs\dolezal_vaclav\hry\system\Database\Forge.php(570): CodeIgniter\Database\BaseConnection->query('CREATE TABLE `h...')
#4 C:\xampp\htdocs\dolezal_vaclav\hry\app\Database\Migrations\2025-03-23-121200_MigrationHra.php(22): CodeIgniter\Database\Forge->createTable('hra')
#5 C:\xampp\htdocs\dolezal_vaclav\hry\system\Database\MigrationRunner.php(866): App\Database\Migrations\MigrationHra->up()
#6 C:\xampp\htdocs\dolezal_vaclav\hry\system\Database\MigrationRunner.php(182): CodeIgniter\Database\MigrationRunner->migrate('up', Object(stdClass))
#7 C:\xampp\htdocs\dolezal_vaclav\hry\system\Commands\Database\Migrate.php(85): CodeIgniter\Database\MigrationRunner->latest(NULL)
#8 C:\xampp\htdocs\dolezal_vaclav\hry\system\CLI\Commands.php(70): CodeIgniter\Commands\Database\Migrate->run(Array)
#9 C:\xampp\htdocs\dolezal_vaclav\hry\system\CLI\Console.php(48): CodeIgniter\CLI\Commands->run('migrate', Array)
#10 C:\xampp\htdocs\dolezal_vaclav\hry\system\Boot.php(360): CodeIgniter\CLI\Console->run()
#11 C:\xampp\htdocs\dolezal_vaclav\hry\system\Boot.php(104): CodeIgniter\Boot::runCommand(Object(CodeIgniter\CLI\Console))
#12 C:\xampp\htdocs\dolezal_vaclav\hry\spark(84): CodeIgniter\Boot::bootSpark(Object(Config\Paths))
#13 {main}
ERROR - 2025-04-24 18:55:29 --> mysqli_sql_exception: Can't create table `hry`.`komentar` (errno: 150 "Foreign key constraint is incorrectly formed") in C:\xampp\htdocs\dolezal_vaclav\hry\system\Database\MySQLi\Connection.php:327
Stack trace:
#0 C:\xampp\htdocs\dolezal_vaclav\hry\system\Database\MySQLi\Connection.php(327): mysqli->query('CREATE TABLE `k...', 0)
#1 C:\xampp\htdocs\dolezal_vaclav\hry\system\Database\BaseConnection.php(738): CodeIgniter\Database\MySQLi\Connection->execute('CREATE TABLE `k...')
#2 C:\xampp\htdocs\dolezal_vaclav\hry\system\Database\BaseConnection.php(652): CodeIgniter\Database\BaseConnection->simpleQuery('CREATE TABLE `k...')
#3 C:\xampp\htdocs\dolezal_vaclav\hry\system\Database\Forge.php(570): CodeIgniter\Database\BaseConnection->query('CREATE TABLE `k...')
#4 C:\xampp\htdocs\dolezal_vaclav\hry\app\Database\Migrations\2025-03-23-121200_MigrationKomentar.php(19): CodeIgniter\Database\Forge->createTable('komentar')
#5 C:\xampp\htdocs\dolezal_vaclav\hry\system\Database\MigrationRunner.php(866): App\Database\Migrations\MigrationKometar->up()
#6 C:\xampp\htdocs\dolezal_vaclav\hry\system\Database\MigrationRunner.php(182): CodeIgniter\Database\MigrationRunner->migrate('up', Object(stdClass))
#7 C:\xampp\htdocs\dolezal_vaclav\hry\system\Commands\Database\Migrate.php(85): CodeIgniter\Database\MigrationRunner->latest(NULL)
#8 C:\xampp\htdocs\dolezal_vaclav\hry\system\CLI\Commands.php(70): CodeIgniter\Commands\Database\Migrate->run(Array)
#9 C:\xampp\htdocs\dolezal_vaclav\hry\system\CLI\Console.php(48): CodeIgniter\CLI\Commands->run('migrate', Array)
#10 C:\xampp\htdocs\dolezal_vaclav\hry\system\Boot.php(360): CodeIgniter\CLI\Console->run()
#11 C:\xampp\htdocs\dolezal_vaclav\hry\system\Boot.php(104): CodeIgniter\Boot::runCommand(Object(CodeIgniter\CLI\Console))
#12 C:\xampp\htdocs\dolezal_vaclav\hry\spark(84): CodeIgniter\Boot::bootSpark(Object(Config\Paths))
#13 {main}
ERROR - 2025-04-24 18:59:51 --> mysqli_sql_exception: Can't create table `hry`.`komentar` (errno: 150 "Foreign key constraint is incorrectly formed") in C:\xampp\htdocs\dolezal_vaclav\hry\system\Database\MySQLi\Connection.php:327
Stack trace:
#0 C:\xampp\htdocs\dolezal_vaclav\hry\system\Database\MySQLi\Connection.php(327): mysqli->query('CREATE TABLE `k...', 0)
#1 C:\xampp\htdocs\dolezal_vaclav\hry\system\Database\BaseConnection.php(738): CodeIgniter\Database\MySQLi\Connection->execute('CREATE TABLE `k...')
#2 C:\xampp\htdocs\dolezal_vaclav\hry\system\Database\BaseConnection.php(652): CodeIgniter\Database\BaseConnection->simpleQuery('CREATE TABLE `k...')
#3 C:\xampp\htdocs\dolezal_vaclav\hry\system\Database\Forge.php(570): CodeIgniter\Database\BaseConnection->query('CREATE TABLE `k...')
#4 C:\xampp\htdocs\dolezal_vaclav\hry\app\Database\Migrations\2025-03-23-121200_MigrationKomentar.php(19): CodeIgniter\Database\Forge->createTable('komentar')
#5 C:\xampp\htdocs\dolezal_vaclav\hry\system\Database\MigrationRunner.php(866): App\Database\Migrations\MigrationKometar->up()
#6 C:\xampp\htdocs\dolezal_vaclav\hry\system\Database\MigrationRunner.php(182): CodeIgniter\Database\MigrationRunner->migrate('up', Object(stdClass))
#7 C:\xampp\htdocs\dolezal_vaclav\hry\system\Commands\Database\Migrate.php(85): CodeIgniter\Database\MigrationRunner->latest(NULL)
#8 C:\xampp\htdocs\dolezal_vaclav\hry\system\CLI\Commands.php(70): CodeIgniter\Commands\Database\Migrate->run(Array)
#9 C:\xampp\htdocs\dolezal_vaclav\hry\system\CLI\Console.php(48): CodeIgniter\CLI\Commands->run('migrate', Array)
#10 C:\xampp\htdocs\dolezal_vaclav\hry\system\Boot.php(360): CodeIgniter\CLI\Console->run()
#11 C:\xampp\htdocs\dolezal_vaclav\hry\system\Boot.php(104): CodeIgniter\Boot::runCommand(Object(CodeIgniter\CLI\Console))
#12 C:\xampp\htdocs\dolezal_vaclav\hry\spark(84): CodeIgniter\Boot::bootSpark(Object(Config\Paths))
#13 {main}
ERROR - 2025-04-24 19:02:05 --> mysqli_sql_exception: Can't create table `databaze_her`.`komentar` (errno: 150 "Foreign key constraint is incorrectly formed") in C:\xampp\htdocs\dolezal_vaclav\hry\system\Database\MySQLi\Connection.php:327
Stack trace:
#0 C:\xampp\htdocs\dolezal_vaclav\hry\system\Database\MySQLi\Connection.php(327): mysqli->query('CREATE TABLE `k...', 0)
#1 C:\xampp\htdocs\dolezal_vaclav\hry\system\Database\BaseConnection.php(738): CodeIgniter\Database\MySQLi\Connection->execute('CREATE TABLE `k...')
#2 C:\xampp\htdocs\dolezal_vaclav\hry\system\Database\BaseConnection.php(652): CodeIgniter\Database\BaseConnection->simpleQuery('CREATE TABLE `k...')
#3 C:\xampp\htdocs\dolezal_vaclav\hry\system\Database\Forge.php(570): CodeIgniter\Database\BaseConnection->query('CREATE TABLE `k...')
#4 C:\xampp\htdocs\dolezal_vaclav\hry\app\Database\Migrations\2025-03-23-121200_MigrationKomentar.php(19): CodeIgniter\Database\Forge->createTable('komentar')
#5 C:\xampp\htdocs\dolezal_vaclav\hry\system\Database\MigrationRunner.php(866): App\Database\Migrations\MigrationKometar->up()
#6 C:\xampp\htdocs\dolezal_vaclav\hry\system\Database\MigrationRunner.php(182): CodeIgniter\Database\MigrationRunner->migrate('up', Object(stdClass))
#7 C:\xampp\htdocs\dolezal_vaclav\hry\system\Commands\Database\Migrate.php(85): CodeIgniter\Database\MigrationRunner->latest(NULL)
#8 C:\xampp\htdocs\dolezal_vaclav\hry\system\CLI\Commands.php(70): CodeIgniter\Commands\Database\Migrate->run(Array)
#9 C:\xampp\htdocs\dolezal_vaclav\hry\system\CLI\Console.php(48): CodeIgniter\CLI\Commands->run('migrate', Array)
#10 C:\xampp\htdocs\dolezal_vaclav\hry\system\Boot.php(360): CodeIgniter\CLI\Console->run()
#11 C:\xampp\htdocs\dolezal_vaclav\hry\system\Boot.php(104): CodeIgniter\Boot::runCommand(Object(CodeIgniter\CLI\Console))
#12 C:\xampp\htdocs\dolezal_vaclav\hry\spark(84): CodeIgniter\Boot::bootSpark(Object(Config\Paths))
#13 {main}
ERROR - 2025-04-24 19:03:35 --> mysqli_sql_exception: Table 'tvurci' already exists in C:\xampp\htdocs\dolezal_vaclav\hry\system\Database\MySQLi\Connection.php:327
Stack trace:
#0 C:\xampp\htdocs\dolezal_vaclav\hry\system\Database\MySQLi\Connection.php(327): mysqli->query('CREATE TABLE `t...', 0)
#1 C:\xampp\htdocs\dolezal_vaclav\hry\system\Database\BaseConnection.php(738): CodeIgniter\Database\MySQLi\Connection->execute('CREATE TABLE `t...')
#2 C:\xampp\htdocs\dolezal_vaclav\hry\system\Database\BaseConnection.php(652): CodeIgniter\Database\BaseConnection->simpleQuery('CREATE TABLE `t...')
#3 C:\xampp\htdocs\dolezal_vaclav\hry\system\Database\Forge.php(570): CodeIgniter\Database\BaseConnection->query('CREATE TABLE `t...')
#4 C:\xampp\htdocs\dolezal_vaclav\hry\app\Database\Migrations\2025-03-23-121200_MigrationTvurce.php(19): CodeIgniter\Database\Forge->createTable('tvurci')
#5 C:\xampp\htdocs\dolezal_vaclav\hry\system\Database\MigrationRunner.php(866): App\Database\Migrations\MigrationTvurce->up()
#6 C:\xampp\htdocs\dolezal_vaclav\hry\system\Database\MigrationRunner.php(182): CodeIgniter\Database\MigrationRunner->migrate('up', Object(stdClass))
#7 C:\xampp\htdocs\dolezal_vaclav\hry\system\Commands\Database\Migrate.php(85): CodeIgniter\Database\MigrationRunner->latest(NULL)
#8 C:\xampp\htdocs\dolezal_vaclav\hry\system\CLI\Commands.php(70): CodeIgniter\Commands\Database\Migrate->run(Array)
#9 C:\xampp\htdocs\dolezal_vaclav\hry\system\CLI\Console.php(48): CodeIgniter\CLI\Commands->run('migrate', Array)
#10 C:\xampp\htdocs\dolezal_vaclav\hry\system\Boot.php(360): CodeIgniter\CLI\Console->run()
#11 C:\xampp\htdocs\dolezal_vaclav\hry\system\Boot.php(104): CodeIgniter\Boot::runCommand(Object(CodeIgniter\CLI\Console))
#12 C:\xampp\htdocs\dolezal_vaclav\hry\spark(84): CodeIgniter\Boot::bootSpark(Object(Config\Paths))
#13 {main}
ERROR - 2025-04-24 19:09:35 --> mysqli_sql_exception: You have an error in your SQL syntax; check the manual that corresponds to your MariaDB server version for the right syntax to use near 'NOT NULL,
	CONSTRAINT `pk_platforma` PRIMARY KEY(`id`)
) DEFAULT CHARACTER SE...' at line 3 in C:\xampp\htdocs\dolezal_vaclav\hry\system\Database\MySQLi\Connection.php:327
Stack trace:
#0 C:\xampp\htdocs\dolezal_vaclav\hry\system\Database\MySQLi\Connection.php(327): mysqli->query('CREATE TABLE `p...', 0)
#1 C:\xampp\htdocs\dolezal_vaclav\hry\system\Database\BaseConnection.php(738): CodeIgniter\Database\MySQLi\Connection->execute('CREATE TABLE `p...')
#2 C:\xampp\htdocs\dolezal_vaclav\hry\system\Database\BaseConnection.php(652): CodeIgniter\Database\BaseConnection->simpleQuery('CREATE TABLE `p...')
#3 C:\xampp\htdocs\dolezal_vaclav\hry\system\Database\Forge.php(570): CodeIgniter\Database\BaseConnection->query('CREATE TABLE `p...')
#4 C:\xampp\htdocs\dolezal_vaclav\hry\app\Database\Migrations\2025-03-23-121200_MigrationPlaforma.php(16): CodeIgniter\Database\Forge->createTable('platforma')
#5 C:\xampp\htdocs\dolezal_vaclav\hry\system\Database\MigrationRunner.php(866): App\Database\Migrations\MigrationBook->up()
#6 C:\xampp\htdocs\dolezal_vaclav\hry\system\Database\MigrationRunner.php(182): CodeIgniter\Database\MigrationRunner->migrate('up', Object(stdClass))
#7 C:\xampp\htdocs\dolezal_vaclav\hry\system\Commands\Database\Migrate.php(85): CodeIgniter\Database\MigrationRunner->latest(NULL)
#8 C:\xampp\htdocs\dolezal_vaclav\hry\system\CLI\Commands.php(70): CodeIgniter\Commands\Database\Migrate->run(Array)
#9 C:\xampp\htdocs\dolezal_vaclav\hry\system\CLI\Console.php(48): CodeIgniter\CLI\Commands->run('migrate', Array)
#10 C:\xampp\htdocs\dolezal_vaclav\hry\system\Boot.php(360): CodeIgniter\CLI\Console->run()
#11 C:\xampp\htdocs\dolezal_vaclav\hry\system\Boot.php(104): CodeIgniter\Boot::runCommand(Object(CodeIgniter\CLI\Console))
#12 C:\xampp\htdocs\dolezal_vaclav\hry\spark(84): CodeIgniter\Boot::bootSpark(Object(Config\Paths))
#13 {main}
ERROR - 2025-04-24 19:10:42 --> mysqli_sql_exception: You have an error in your SQL syntax; check the manual that corresponds to your MariaDB server version for the right syntax to use near 'NOT NULL,
	CONSTRAINT `pk_platforma` PRIMARY KEY(`id`)
) DEFAULT CHARACTER SE...' at line 3 in C:\xampp\htdocs\dolezal_vaclav\hry\system\Database\MySQLi\Connection.php:327
Stack trace:
#0 C:\xampp\htdocs\dolezal_vaclav\hry\system\Database\MySQLi\Connection.php(327): mysqli->query('CREATE TABLE `p...', 0)
#1 C:\xampp\htdocs\dolezal_vaclav\hry\system\Database\BaseConnection.php(738): CodeIgniter\Database\MySQLi\Connection->execute('CREATE TABLE `p...')
#2 C:\xampp\htdocs\dolezal_vaclav\hry\system\Database\BaseConnection.php(652): CodeIgniter\Database\BaseConnection->simpleQuery('CREATE TABLE `p...')
#3 C:\xampp\htdocs\dolezal_vaclav\hry\system\Database\Forge.php(570): CodeIgniter\Database\BaseConnection->query('CREATE TABLE `p...')
#4 C:\xampp\htdocs\dolezal_vaclav\hry\app\Database\Migrations\2025-03-23-121200_MigrationPlaforma.php(16): CodeIgniter\Database\Forge->createTable('platforma')
#5 C:\xampp\htdocs\dolezal_vaclav\hry\system\Database\MigrationRunner.php(866): App\Database\Migrations\MigrationPlatforma->up()
#6 C:\xampp\htdocs\dolezal_vaclav\hry\system\Database\MigrationRunner.php(182): CodeIgniter\Database\MigrationRunner->migrate('up', Object(stdClass))
#7 C:\xampp\htdocs\dolezal_vaclav\hry\system\Commands\Database\Migrate.php(85): CodeIgniter\Database\MigrationRunner->latest(NULL)
#8 C:\xampp\htdocs\dolezal_vaclav\hry\system\CLI\Commands.php(70): CodeIgniter\Commands\Database\Migrate->run(Array)
#9 C:\xampp\htdocs\dolezal_vaclav\hry\system\CLI\Console.php(48): CodeIgniter\CLI\Commands->run('migrate', Array)
#10 C:\xampp\htdocs\dolezal_vaclav\hry\system\Boot.php(360): CodeIgniter\CLI\Console->run()
#11 C:\xampp\htdocs\dolezal_vaclav\hry\system\Boot.php(104): CodeIgniter\Boot::runCommand(Object(CodeIgniter\CLI\Console))
#12 C:\xampp\htdocs\dolezal_vaclav\hry\spark(84): CodeIgniter\Boot::bootSpark(Object(Config\Paths))
#13 {main}
ERROR - 2025-04-24 19:19:31 --> mysqli_sql_exception: You have an error in your SQL syntax; check the manual that corresponds to your MariaDB server version for the right syntax to use near 'NOT NULL,
	CONSTRAINT `pk_platforma` PRIMARY KEY(`id`)
) DEFAULT CHARACTER SE...' at line 3 in C:\xampp\htdocs\dolezal_vaclav\hry\system\Database\MySQLi\Connection.php:327
Stack trace:
#0 C:\xampp\htdocs\dolezal_vaclav\hry\system\Database\MySQLi\Connection.php(327): mysqli->query('CREATE TABLE `p...', 0)
#1 C:\xampp\htdocs\dolezal_vaclav\hry\system\Database\BaseConnection.php(738): CodeIgniter\Database\MySQLi\Connection->execute('CREATE TABLE `p...')
#2 C:\xampp\htdocs\dolezal_vaclav\hry\system\Database\BaseConnection.php(652): CodeIgniter\Database\BaseConnection->simpleQuery('CREATE TABLE `p...')
#3 C:\xampp\htdocs\dolezal_vaclav\hry\system\Database\Forge.php(570): CodeIgniter\Database\BaseConnection->query('CREATE TABLE `p...')
#4 C:\xampp\htdocs\dolezal_vaclav\hry\app\Database\Migrations\2025-03-23-121200_MigrationPlaforma.php(16): CodeIgniter\Database\Forge->createTable('platforma')
#5 C:\xampp\htdocs\dolezal_vaclav\hry\system\Database\MigrationRunner.php(866): App\Database\Migrations\MigrationPlatforma->up()
#6 C:\xampp\htdocs\dolezal_vaclav\hry\system\Database\MigrationRunner.php(182): CodeIgniter\Database\MigrationRunner->migrate('up', Object(stdClass))
#7 C:\xampp\htdocs\dolezal_vaclav\hry\system\Commands\Database\Migrate.php(85): CodeIgniter\Database\MigrationRunner->latest(NULL)
#8 C:\xampp\htdocs\dolezal_vaclav\hry\system\CLI\Commands.php(70): CodeIgniter\Commands\Database\Migrate->run(Array)
#9 C:\xampp\htdocs\dolezal_vaclav\hry\system\CLI\Console.php(48): CodeIgniter\CLI\Commands->run('migrate', Array)
#10 C:\xampp\htdocs\dolezal_vaclav\hry\system\Boot.php(360): CodeIgniter\CLI\Console->run()
#11 C:\xampp\htdocs\dolezal_vaclav\hry\system\Boot.php(104): CodeIgniter\Boot::runCommand(Object(CodeIgniter\CLI\Console))
#12 C:\xampp\htdocs\dolezal_vaclav\hry\spark(84): CodeIgniter\Boot::bootSpark(Object(Config\Paths))
#13 {main}
ERROR - 2025-04-24 19:22:37 --> mysqli_sql_exception: You have an error in your SQL syntax; check the manual that corresponds to your MariaDB server version for the right syntax to use near 'NOT NULL,
	CONSTRAINT `pk_platforma` PRIMARY KEY(`id`)
) DEFAULT CHARACTER SE...' at line 3 in C:\xampp\htdocs\dolezal_vaclav\hry\system\Database\MySQLi\Connection.php:327
Stack trace:
#0 C:\xampp\htdocs\dolezal_vaclav\hry\system\Database\MySQLi\Connection.php(327): mysqli->query('CREATE TABLE `p...', 0)
#1 C:\xampp\htdocs\dolezal_vaclav\hry\system\Database\BaseConnection.php(738): CodeIgniter\Database\MySQLi\Connection->execute('CREATE TABLE `p...')
#2 C:\xampp\htdocs\dolezal_vaclav\hry\system\Database\BaseConnection.php(652): CodeIgniter\Database\BaseConnection->simpleQuery('CREATE TABLE `p...')
#3 C:\xampp\htdocs\dolezal_vaclav\hry\system\Database\Forge.php(570): CodeIgniter\Database\BaseConnection->query('CREATE TABLE `p...')
#4 C:\xampp\htdocs\dolezal_vaclav\hry\app\Database\Migrations\2025-03-23-121200_MigrationPlaforma.php(16): CodeIgniter\Database\Forge->createTable('platforma')
#5 C:\xampp\htdocs\dolezal_vaclav\hry\system\Database\MigrationRunner.php(866): App\Database\Migrations\MigrationPlatforma->up()
#6 C:\xampp\htdocs\dolezal_vaclav\hry\system\Database\MigrationRunner.php(182): CodeIgniter\Database\MigrationRunner->migrate('up', Object(stdClass))
#7 C:\xampp\htdocs\dolezal_vaclav\hry\system\Commands\Database\Migrate.php(85): CodeIgniter\Database\MigrationRunner->latest(NULL)
#8 C:\xampp\htdocs\dolezal_vaclav\hry\system\CLI\Commands.php(70): CodeIgniter\Commands\Database\Migrate->run(Array)
#9 C:\xampp\htdocs\dolezal_vaclav\hry\system\CLI\Console.php(48): CodeIgniter\CLI\Commands->run('migrate', Array)
#10 C:\xampp\htdocs\dolezal_vaclav\hry\system\Boot.php(360): CodeIgniter\CLI\Console->run()
#11 C:\xampp\htdocs\dolezal_vaclav\hry\system\Boot.php(104): CodeIgniter\Boot::runCommand(Object(CodeIgniter\CLI\Console))
#12 C:\xampp\htdocs\dolezal_vaclav\hry\spark(84): CodeIgniter\Boot::bootSpark(Object(Config\Paths))
#13 {main}
ERROR - 2025-04-24 19:23:07 --> mysqli_sql_exception: You have an error in your SQL syntax; check the manual that corresponds to your MariaDB server version for the right syntax to use near 'NOT NULL,
	CONSTRAINT 1 PRIMARY KEY(`id`)
) DEFAULT CHARACTER SET = utf8mb4 C...' at line 3 in C:\xampp\htdocs\dolezal_vaclav\hry\system\Database\MySQLi\Connection.php:327
Stack trace:
#0 C:\xampp\htdocs\dolezal_vaclav\hry\system\Database\MySQLi\Connection.php(327): mysqli->query('CREATE TABLE `p...', 0)
#1 C:\xampp\htdocs\dolezal_vaclav\hry\system\Database\BaseConnection.php(738): CodeIgniter\Database\MySQLi\Connection->execute('CREATE TABLE `p...')
#2 C:\xampp\htdocs\dolezal_vaclav\hry\system\Database\BaseConnection.php(652): CodeIgniter\Database\BaseConnection->simpleQuery('CREATE TABLE `p...')
#3 C:\xampp\htdocs\dolezal_vaclav\hry\system\Database\Forge.php(570): CodeIgniter\Database\BaseConnection->query('CREATE TABLE `p...')
#4 C:\xampp\htdocs\dolezal_vaclav\hry\app\Database\Migrations\2025-03-23-121200_MigrationPlaforma.php(16): CodeIgniter\Database\Forge->createTable('platforma')
#5 C:\xampp\htdocs\dolezal_vaclav\hry\system\Database\MigrationRunner.php(866): App\Database\Migrations\MigrationPlatforma->up()
#6 C:\xampp\htdocs\dolezal_vaclav\hry\system\Database\MigrationRunner.php(182): CodeIgniter\Database\MigrationRunner->migrate('up', Object(stdClass))
#7 C:\xampp\htdocs\dolezal_vaclav\hry\system\Commands\Database\Migrate.php(85): CodeIgniter\Database\MigrationRunner->latest(NULL)
#8 C:\xampp\htdocs\dolezal_vaclav\hry\system\CLI\Commands.php(70): CodeIgniter\Commands\Database\Migrate->run(Array)
#9 C:\xampp\htdocs\dolezal_vaclav\hry\system\CLI\Console.php(48): CodeIgniter\CLI\Commands->run('migrate', Array)
#10 C:\xampp\htdocs\dolezal_vaclav\hry\system\Boot.php(360): CodeIgniter\CLI\Console->run()
#11 C:\xampp\htdocs\dolezal_vaclav\hry\system\Boot.php(104): CodeIgniter\Boot::runCommand(Object(CodeIgniter\CLI\Console))
#12 C:\xampp\htdocs\dolezal_vaclav\hry\spark(84): CodeIgniter\Boot::bootSpark(Object(Config\Paths))
#13 {main}
ERROR - 2025-04-24 19:23:31 --> mysqli_sql_exception: You have an error in your SQL syntax; check the manual that corresponds to your MariaDB server version for the right syntax to use near 'NOT NULL,
	CONSTRAINT `pk_platforma` PRIMARY KEY(`id`)
) DEFAULT CHARACTER SE...' at line 3 in C:\xampp\htdocs\dolezal_vaclav\hry\system\Database\MySQLi\Connection.php:327
Stack trace:
#0 C:\xampp\htdocs\dolezal_vaclav\hry\system\Database\MySQLi\Connection.php(327): mysqli->query('CREATE TABLE `p...', 0)
#1 C:\xampp\htdocs\dolezal_vaclav\hry\system\Database\BaseConnection.php(738): CodeIgniter\Database\MySQLi\Connection->execute('CREATE TABLE `p...')
#2 C:\xampp\htdocs\dolezal_vaclav\hry\system\Database\BaseConnection.php(652): CodeIgniter\Database\BaseConnection->simpleQuery('CREATE TABLE `p...')
#3 C:\xampp\htdocs\dolezal_vaclav\hry\system\Database\Forge.php(570): CodeIgniter\Database\BaseConnection->query('CREATE TABLE `p...')
#4 C:\xampp\htdocs\dolezal_vaclav\hry\app\Database\Migrations\2025-03-23-121200_MigrationPlaforma.php(16): CodeIgniter\Database\Forge->createTable('platforma')
#5 C:\xampp\htdocs\dolezal_vaclav\hry\system\Database\MigrationRunner.php(866): App\Database\Migrations\MigrationPlatforma->up()
#6 C:\xampp\htdocs\dolezal_vaclav\hry\system\Database\MigrationRunner.php(182): CodeIgniter\Database\MigrationRunner->migrate('up', Object(stdClass))
#7 C:\xampp\htdocs\dolezal_vaclav\hry\system\Commands\Database\Migrate.php(85): CodeIgniter\Database\MigrationRunner->latest(NULL)
#8 C:\xampp\htdocs\dolezal_vaclav\hry\system\CLI\Commands.php(70): CodeIgniter\Commands\Database\Migrate->run(Array)
#9 C:\xampp\htdocs\dolezal_vaclav\hry\system\CLI\Console.php(48): CodeIgniter\CLI\Commands->run('migrate', Array)
#10 C:\xampp\htdocs\dolezal_vaclav\hry\system\Boot.php(360): CodeIgniter\CLI\Console->run()
#11 C:\xampp\htdocs\dolezal_vaclav\hry\system\Boot.php(104): CodeIgniter\Boot::runCommand(Object(CodeIgniter\CLI\Console))
#12 C:\xampp\htdocs\dolezal_vaclav\hry\spark(84): CodeIgniter\Boot::bootSpark(Object(Config\Paths))
#13 {main}
