ERROR - 2025-05-02 09:46:28 --> Error connecting to the database: mysqli_sql_exception: Nemohlo být vytvořeno žádné připojení, protože cílový počítač je aktivně odmítl in C:\laragon\www\jarotek\Hry\system\Database\MySQLi\Connection.php:202
Stack trace:
#0 C:\laragon\www\jarotek\Hry\system\Database\MySQLi\Connection.php(202): mysqli->real_connect('localhost', 'root', '', 'databaze_her', 3306, '', 0)
#1 C:\laragon\www\jarotek\Hry\system\Database\BaseConnection.php(421): CodeIgniter\Database\MySQLi\Connection->connect(false)
#2 C:\laragon\www\jarotek\Hry\system\Database\BaseConnection.php(620): CodeIgniter\Database\BaseConnection->initialize()
#3 C:\laragon\www\jarotek\Hry\system\Database\BaseConnection.php(1525): CodeIgniter\Database\BaseConnection->query('SHOW TABLES FRO...')
#4 C:\laragon\www\jarotek\Hry\system\Database\BaseConnection.php(1545): CodeIgniter\Database\BaseConnection->listTables()
#5 C:\laragon\www\jarotek\Hry\system\Database\MigrationRunner.php(758): CodeIgniter\Database\BaseConnection->tableExists('migrations')
#6 C:\laragon\www\jarotek\Hry\system\Database\MigrationRunner.php(162): CodeIgniter\Database\MigrationRunner->ensureTable()
#7 C:\laragon\www\jarotek\Hry\system\Commands\Database\Migrate.php(85): CodeIgniter\Database\MigrationRunner->latest(NULL)
#8 C:\laragon\www\jarotek\Hry\system\CLI\Commands.php(70): CodeIgniter\Commands\Database\Migrate->run(Array)
#9 C:\laragon\www\jarotek\Hry\system\CLI\Console.php(48): CodeIgniter\CLI\Commands->run('migrate', Array)
#10 C:\laragon\www\jarotek\Hry\system\Boot.php(360): CodeIgniter\CLI\Console->run()
#11 C:\laragon\www\jarotek\Hry\system\Boot.php(104): CodeIgniter\Boot::runCommand(Object(CodeIgniter\CLI\Console))
#12 C:\laragon\www\jarotek\Hry\spark(84): CodeIgniter\Boot::bootSpark(Object(Config\Paths))
#13 {main}

Next CodeIgniter\Database\Exceptions\DatabaseException: Nemohlo být vytvořeno žádné připojení, protože cílový počítač je aktivně odmítl in C:\laragon\www\jarotek\Hry\system\Database\MySQLi\Connection.php:246
Stack trace:
#0 C:\laragon\www\jarotek\Hry\system\Database\BaseConnection.php(421): CodeIgniter\Database\MySQLi\Connection->connect(false)
#1 C:\laragon\www\jarotek\Hry\system\Database\BaseConnection.php(620): CodeIgniter\Database\BaseConnection->initialize()
#2 C:\laragon\www\jarotek\Hry\system\Database\BaseConnection.php(1525): CodeIgniter\Database\BaseConnection->query('SHOW TABLES FRO...')
#3 C:\laragon\www\jarotek\Hry\system\Database\BaseConnection.php(1545): CodeIgniter\Database\BaseConnection->listTables()
#4 C:\laragon\www\jarotek\Hry\system\Database\MigrationRunner.php(758): CodeIgniter\Database\BaseConnection->tableExists('migrations')
#5 C:\laragon\www\jarotek\Hry\system\Database\MigrationRunner.php(162): CodeIgniter\Database\MigrationRunner->ensureTable()
#6 C:\laragon\www\jarotek\Hry\system\Commands\Database\Migrate.php(85): CodeIgniter\Database\MigrationRunner->latest(NULL)
#7 C:\laragon\www\jarotek\Hry\system\CLI\Commands.php(70): CodeIgniter\Commands\Database\Migrate->run(Array)
#8 C:\laragon\www\jarotek\Hry\system\CLI\Console.php(48): CodeIgniter\CLI\Commands->run('migrate', Array)
#9 C:\laragon\www\jarotek\Hry\system\Boot.php(360): CodeIgniter\CLI\Console->run()
#10 C:\laragon\www\jarotek\Hry\system\Boot.php(104): CodeIgniter\Boot::runCommand(Object(CodeIgniter\CLI\Console))
#11 C:\laragon\www\jarotek\Hry\spark(84): CodeIgniter\Boot::bootSpark(Object(Config\Paths))
#12 {main}
ERROR - 2025-05-02 09:46:59 --> Error connecting to the database: mysqli_sql_exception: Nemohlo být vytvořeno žádné připojení, protože cílový počítač je aktivně odmítl in C:\laragon\www\jarotek\Hry\system\Database\MySQLi\Connection.php:202
Stack trace:
#0 C:\laragon\www\jarotek\Hry\system\Database\MySQLi\Connection.php(202): mysqli->real_connect('localhost', 'root', '', 'databaze_her', 3306, '', 0)
#1 C:\laragon\www\jarotek\Hry\system\Database\BaseConnection.php(421): CodeIgniter\Database\MySQLi\Connection->connect(false)
#2 C:\laragon\www\jarotek\Hry\system\Database\BaseConnection.php(620): CodeIgniter\Database\BaseConnection->initialize()
#3 C:\laragon\www\jarotek\Hry\system\Database\BaseConnection.php(1525): CodeIgniter\Database\BaseConnection->query('SHOW TABLES FRO...')
#4 C:\laragon\www\jarotek\Hry\system\Database\BaseConnection.php(1545): CodeIgniter\Database\BaseConnection->listTables()
#5 C:\laragon\www\jarotek\Hry\system\Database\MigrationRunner.php(758): CodeIgniter\Database\BaseConnection->tableExists('migrations')
#6 C:\laragon\www\jarotek\Hry\system\Database\MigrationRunner.php(162): CodeIgniter\Database\MigrationRunner->ensureTable()
#7 C:\laragon\www\jarotek\Hry\system\Commands\Database\Migrate.php(85): CodeIgniter\Database\MigrationRunner->latest(NULL)
#8 C:\laragon\www\jarotek\Hry\system\CLI\Commands.php(70): CodeIgniter\Commands\Database\Migrate->run(Array)
#9 C:\laragon\www\jarotek\Hry\system\CLI\Console.php(48): CodeIgniter\CLI\Commands->run('migrate', Array)
#10 C:\laragon\www\jarotek\Hry\system\Boot.php(360): CodeIgniter\CLI\Console->run()
#11 C:\laragon\www\jarotek\Hry\system\Boot.php(104): CodeIgniter\Boot::runCommand(Object(CodeIgniter\CLI\Console))
#12 C:\laragon\www\jarotek\Hry\spark(84): CodeIgniter\Boot::bootSpark(Object(Config\Paths))
#13 {main}

Next CodeIgniter\Database\Exceptions\DatabaseException: Nemohlo být vytvořeno žádné připojení, protože cílový počítač je aktivně odmítl in C:\laragon\www\jarotek\Hry\system\Database\MySQLi\Connection.php:246
Stack trace:
#0 C:\laragon\www\jarotek\Hry\system\Database\BaseConnection.php(421): CodeIgniter\Database\MySQLi\Connection->connect(false)
#1 C:\laragon\www\jarotek\Hry\system\Database\BaseConnection.php(620): CodeIgniter\Database\BaseConnection->initialize()
#2 C:\laragon\www\jarotek\Hry\system\Database\BaseConnection.php(1525): CodeIgniter\Database\BaseConnection->query('SHOW TABLES FRO...')
#3 C:\laragon\www\jarotek\Hry\system\Database\BaseConnection.php(1545): CodeIgniter\Database\BaseConnection->listTables()
#4 C:\laragon\www\jarotek\Hry\system\Database\MigrationRunner.php(758): CodeIgniter\Database\BaseConnection->tableExists('migrations')
#5 C:\laragon\www\jarotek\Hry\system\Database\MigrationRunner.php(162): CodeIgniter\Database\MigrationRunner->ensureTable()
#6 C:\laragon\www\jarotek\Hry\system\Commands\Database\Migrate.php(85): CodeIgniter\Database\MigrationRunner->latest(NULL)
#7 C:\laragon\www\jarotek\Hry\system\CLI\Commands.php(70): CodeIgniter\Commands\Database\Migrate->run(Array)
#8 C:\laragon\www\jarotek\Hry\system\CLI\Console.php(48): CodeIgniter\CLI\Commands->run('migrate', Array)
#9 C:\laragon\www\jarotek\Hry\system\Boot.php(360): CodeIgniter\CLI\Console->run()
#10 C:\laragon\www\jarotek\Hry\system\Boot.php(104): CodeIgniter\Boot::runCommand(Object(CodeIgniter\CLI\Console))
#11 C:\laragon\www\jarotek\Hry\spark(84): CodeIgniter\Boot::bootSpark(Object(Config\Paths))
#12 {main}
ERROR - 2025-05-02 09:50:07 --> mysqli_sql_exception: You have an error in your SQL syntax; check the manual that corresponds to your MySQL server version for the right syntax to use near '1 PRIMARY KEY(`id`),
	CONSTRAINT `hra_id_tvurce_foreign` FOREIGN KEY (`id_tvurce' at line 9 in C:\laragon\www\jarotek\Hry\system\Database\MySQLi\Connection.php:327
Stack trace:
#0 C:\laragon\www\jarotek\Hry\system\Database\MySQLi\Connection.php(327): mysqli->query('CREATE TABLE `h...', 0)
#1 C:\laragon\www\jarotek\Hry\system\Database\BaseConnection.php(738): CodeIgniter\Database\MySQLi\Connection->execute('CREATE TABLE `h...')
#2 C:\laragon\www\jarotek\Hry\system\Database\BaseConnection.php(652): CodeIgniter\Database\BaseConnection->simpleQuery('CREATE TABLE `h...')
#3 C:\laragon\www\jarotek\Hry\system\Database\Forge.php(570): CodeIgniter\Database\BaseConnection->query('CREATE TABLE `h...')
#4 C:\laragon\www\jarotek\Hry\app\Database\Migrations\2025-03-23-121200_MigrationHra.php(22): CodeIgniter\Database\Forge->createTable('hra')
#5 C:\laragon\www\jarotek\Hry\system\Database\MigrationRunner.php(866): App\Database\Migrations\MigrationHra->up()
#6 C:\laragon\www\jarotek\Hry\system\Database\MigrationRunner.php(182): CodeIgniter\Database\MigrationRunner->migrate('up', Object(stdClass))
#7 C:\laragon\www\jarotek\Hry\system\Commands\Database\Migrate.php(85): CodeIgniter\Database\MigrationRunner->latest(NULL)
#8 C:\laragon\www\jarotek\Hry\system\CLI\Commands.php(70): CodeIgniter\Commands\Database\Migrate->run(Array)
#9 C:\laragon\www\jarotek\Hry\system\CLI\Console.php(48): CodeIgniter\CLI\Commands->run('migrate', Array)
#10 C:\laragon\www\jarotek\Hry\system\Boot.php(360): CodeIgniter\CLI\Console->run()
#11 C:\laragon\www\jarotek\Hry\system\Boot.php(104): CodeIgniter\Boot::runCommand(Object(CodeIgniter\CLI\Console))
#12 C:\laragon\www\jarotek\Hry\spark(84): CodeIgniter\Boot::bootSpark(Object(Config\Paths))
#13 {main}
ERROR - 2025-05-02 09:51:46 --> mysqli_sql_exception: You have an error in your SQL syntax; check the manual that corresponds to your MySQL server version for the right syntax to use near '1 PRIMARY KEY(`id`),
	CONSTRAINT `hra_id_tvurce_foreign` FOREIGN KEY (`id_tvurce' at line 9 in C:\laragon\www\jarotek\Hry\system\Database\MySQLi\Connection.php:327
Stack trace:
#0 C:\laragon\www\jarotek\Hry\system\Database\MySQLi\Connection.php(327): mysqli->query('CREATE TABLE `h...', 0)
#1 C:\laragon\www\jarotek\Hry\system\Database\BaseConnection.php(738): CodeIgniter\Database\MySQLi\Connection->execute('CREATE TABLE `h...')
#2 C:\laragon\www\jarotek\Hry\system\Database\BaseConnection.php(652): CodeIgniter\Database\BaseConnection->simpleQuery('CREATE TABLE `h...')
#3 C:\laragon\www\jarotek\Hry\system\Database\Forge.php(570): CodeIgniter\Database\BaseConnection->query('CREATE TABLE `h...')
#4 C:\laragon\www\jarotek\Hry\app\Database\Migrations\2025-03-23-121200_MigrationHra.php(22): CodeIgniter\Database\Forge->createTable('hra')
#5 C:\laragon\www\jarotek\Hry\system\Database\MigrationRunner.php(866): App\Database\Migrations\MigrationHra->up()
#6 C:\laragon\www\jarotek\Hry\system\Database\MigrationRunner.php(182): CodeIgniter\Database\MigrationRunner->migrate('up', Object(stdClass))
#7 C:\laragon\www\jarotek\Hry\system\Commands\Database\Migrate.php(85): CodeIgniter\Database\MigrationRunner->latest(NULL)
#8 C:\laragon\www\jarotek\Hry\system\CLI\Commands.php(70): CodeIgniter\Commands\Database\Migrate->run(Array)
#9 C:\laragon\www\jarotek\Hry\system\CLI\Console.php(48): CodeIgniter\CLI\Commands->run('migrate', Array)
#10 C:\laragon\www\jarotek\Hry\system\Boot.php(360): CodeIgniter\CLI\Console->run()
#11 C:\laragon\www\jarotek\Hry\system\Boot.php(104): CodeIgniter\Boot::runCommand(Object(CodeIgniter\CLI\Console))
#12 C:\laragon\www\jarotek\Hry\spark(84): CodeIgniter\Boot::bootSpark(Object(Config\Paths))
#13 {main}
ERROR - 2025-05-02 09:55:16 --> mysqli_sql_exception: You have an error in your SQL syntax; check the manual that corresponds to your MySQL server version for the right syntax to use near '1 PRIMARY KEY(`id`),
	CONSTRAINT `hra_id_tvurce_foreign` FOREIGN KEY (`id_tvurce' at line 9 in C:\laragon\www\jarotek\Hry\system\Database\MySQLi\Connection.php:327
Stack trace:
#0 C:\laragon\www\jarotek\Hry\system\Database\MySQLi\Connection.php(327): mysqli->query('CREATE TABLE `h...', 0)
#1 C:\laragon\www\jarotek\Hry\system\Database\BaseConnection.php(738): CodeIgniter\Database\MySQLi\Connection->execute('CREATE TABLE `h...')
#2 C:\laragon\www\jarotek\Hry\system\Database\BaseConnection.php(652): CodeIgniter\Database\BaseConnection->simpleQuery('CREATE TABLE `h...')
#3 C:\laragon\www\jarotek\Hry\system\Database\Forge.php(570): CodeIgniter\Database\BaseConnection->query('CREATE TABLE `h...')
#4 C:\laragon\www\jarotek\Hry\app\Database\Migrations\2025-03-23-121200_MigrationHra.php(22): CodeIgniter\Database\Forge->createTable('hra')
#5 C:\laragon\www\jarotek\Hry\system\Database\MigrationRunner.php(866): App\Database\Migrations\MigrationHra->up()
#6 C:\laragon\www\jarotek\Hry\system\Database\MigrationRunner.php(182): CodeIgniter\Database\MigrationRunner->migrate('up', Object(stdClass))
#7 C:\laragon\www\jarotek\Hry\system\Commands\Database\Migrate.php(85): CodeIgniter\Database\MigrationRunner->latest(NULL)
#8 C:\laragon\www\jarotek\Hry\system\CLI\Commands.php(70): CodeIgniter\Commands\Database\Migrate->run(Array)
#9 C:\laragon\www\jarotek\Hry\system\CLI\Console.php(48): CodeIgniter\CLI\Commands->run('migrate', Array)
#10 C:\laragon\www\jarotek\Hry\system\Boot.php(360): CodeIgniter\CLI\Console->run()
#11 C:\laragon\www\jarotek\Hry\system\Boot.php(104): CodeIgniter\Boot::runCommand(Object(CodeIgniter\CLI\Console))
#12 C:\laragon\www\jarotek\Hry\spark(84): CodeIgniter\Boot::bootSpark(Object(Config\Paths))
#13 {main}
ERROR - 2025-05-02 09:57:00 --> mysqli_sql_exception: Table 'tvurce' already exists in C:\laragon\www\jarotek\Hry\system\Database\MySQLi\Connection.php:327
Stack trace:
#0 C:\laragon\www\jarotek\Hry\system\Database\MySQLi\Connection.php(327): mysqli->query('CREATE TABLE `t...', 0)
#1 C:\laragon\www\jarotek\Hry\system\Database\BaseConnection.php(738): CodeIgniter\Database\MySQLi\Connection->execute('CREATE TABLE `t...')
#2 C:\laragon\www\jarotek\Hry\system\Database\BaseConnection.php(652): CodeIgniter\Database\BaseConnection->simpleQuery('CREATE TABLE `t...')
#3 C:\laragon\www\jarotek\Hry\system\Database\Forge.php(570): CodeIgniter\Database\BaseConnection->query('CREATE TABLE `t...')
#4 C:\laragon\www\jarotek\Hry\app\Database\Migrations\2025-03-23-121100_MigrationTvurce.php(19): CodeIgniter\Database\Forge->createTable('tvurce')
#5 C:\laragon\www\jarotek\Hry\system\Database\MigrationRunner.php(866): App\Database\Migrations\MigrationTvurce->up()
#6 C:\laragon\www\jarotek\Hry\system\Database\MigrationRunner.php(182): CodeIgniter\Database\MigrationRunner->migrate('up', Object(stdClass))
#7 C:\laragon\www\jarotek\Hry\system\Commands\Database\Migrate.php(85): CodeIgniter\Database\MigrationRunner->latest(NULL)
#8 C:\laragon\www\jarotek\Hry\system\CLI\Commands.php(70): CodeIgniter\Commands\Database\Migrate->run(Array)
#9 C:\laragon\www\jarotek\Hry\system\CLI\Console.php(48): CodeIgniter\CLI\Commands->run('migrate', Array)
#10 C:\laragon\www\jarotek\Hry\system\Boot.php(360): CodeIgniter\CLI\Console->run()
#11 C:\laragon\www\jarotek\Hry\system\Boot.php(104): CodeIgniter\Boot::runCommand(Object(CodeIgniter\CLI\Console))
#12 C:\laragon\www\jarotek\Hry\spark(84): CodeIgniter\Boot::bootSpark(Object(Config\Paths))
#13 {main}
ERROR - 2025-05-02 10:00:48 --> mysqli_sql_exception: Table 'tvurce' already exists in C:\laragon\www\jarotek\Hry\system\Database\MySQLi\Connection.php:327
Stack trace:
#0 C:\laragon\www\jarotek\Hry\system\Database\MySQLi\Connection.php(327): mysqli->query('CREATE TABLE `t...', 0)
#1 C:\laragon\www\jarotek\Hry\system\Database\BaseConnection.php(738): CodeIgniter\Database\MySQLi\Connection->execute('CREATE TABLE `t...')
#2 C:\laragon\www\jarotek\Hry\system\Database\BaseConnection.php(652): CodeIgniter\Database\BaseConnection->simpleQuery('CREATE TABLE `t...')
#3 C:\laragon\www\jarotek\Hry\system\Database\Forge.php(570): CodeIgniter\Database\BaseConnection->query('CREATE TABLE `t...')
#4 C:\laragon\www\jarotek\Hry\app\Database\Migrations\2025-03-23-121100_MigrationTvurce.php(19): CodeIgniter\Database\Forge->createTable('tvurce')
#5 C:\laragon\www\jarotek\Hry\system\Database\MigrationRunner.php(866): App\Database\Migrations\MigrationTvurce->up()
#6 C:\laragon\www\jarotek\Hry\system\Database\MigrationRunner.php(182): CodeIgniter\Database\MigrationRunner->migrate('up', Object(stdClass))
#7 C:\laragon\www\jarotek\Hry\system\Commands\Database\Migrate.php(85): CodeIgniter\Database\MigrationRunner->latest(NULL)
#8 C:\laragon\www\jarotek\Hry\system\CLI\Commands.php(70): CodeIgniter\Commands\Database\Migrate->run(Array)
#9 C:\laragon\www\jarotek\Hry\system\CLI\Console.php(48): CodeIgniter\CLI\Commands->run('migrate', Array)
#10 C:\laragon\www\jarotek\Hry\system\Boot.php(360): CodeIgniter\CLI\Console->run()
#11 C:\laragon\www\jarotek\Hry\system\Boot.php(104): CodeIgniter\Boot::runCommand(Object(CodeIgniter\CLI\Console))
#12 C:\laragon\www\jarotek\Hry\spark(84): CodeIgniter\Boot::bootSpark(Object(Config\Paths))
#13 {main}
ERROR - 2025-05-02 10:01:07 --> mysqli_sql_exception: Table 'tvurce' already exists in C:\laragon\www\jarotek\Hry\system\Database\MySQLi\Connection.php:327
Stack trace:
#0 C:\laragon\www\jarotek\Hry\system\Database\MySQLi\Connection.php(327): mysqli->query('CREATE TABLE `t...', 0)
#1 C:\laragon\www\jarotek\Hry\system\Database\BaseConnection.php(738): CodeIgniter\Database\MySQLi\Connection->execute('CREATE TABLE `t...')
#2 C:\laragon\www\jarotek\Hry\system\Database\BaseConnection.php(652): CodeIgniter\Database\BaseConnection->simpleQuery('CREATE TABLE `t...')
#3 C:\laragon\www\jarotek\Hry\system\Database\Forge.php(570): CodeIgniter\Database\BaseConnection->query('CREATE TABLE `t...')
#4 C:\laragon\www\jarotek\Hry\app\Database\Migrations\2025-03-23-121100_MigrationTvurce.php(19): CodeIgniter\Database\Forge->createTable('tvurce')
#5 C:\laragon\www\jarotek\Hry\system\Database\MigrationRunner.php(866): App\Database\Migrations\MigrationTvurce->up()
#6 C:\laragon\www\jarotek\Hry\system\Database\MigrationRunner.php(182): CodeIgniter\Database\MigrationRunner->migrate('up', Object(stdClass))
#7 C:\laragon\www\jarotek\Hry\system\Commands\Database\Migrate.php(85): CodeIgniter\Database\MigrationRunner->latest(NULL)
#8 C:\laragon\www\jarotek\Hry\system\CLI\Commands.php(70): CodeIgniter\Commands\Database\Migrate->run(Array)
#9 C:\laragon\www\jarotek\Hry\system\CLI\Console.php(48): CodeIgniter\CLI\Commands->run('migrate', Array)
#10 C:\laragon\www\jarotek\Hry\system\Boot.php(360): CodeIgniter\CLI\Console->run()
#11 C:\laragon\www\jarotek\Hry\system\Boot.php(104): CodeIgniter\Boot::runCommand(Object(CodeIgniter\CLI\Console))
#12 C:\laragon\www\jarotek\Hry\spark(84): CodeIgniter\Boot::bootSpark(Object(Config\Paths))
#13 {main}
ERROR - 2025-05-02 10:04:14 --> mysqli_sql_exception: You have an error in your SQL syntax; check the manual that corresponds to your MySQL server version for the right syntax to use near '1 PRIMARY KEY(`id`),
	CONSTRAINT `hra_id_tvurce_foreign` FOREIGN KEY (`id_tvurce' at line 9 in C:\laragon\www\jarotek\Hry\system\Database\MySQLi\Connection.php:327
Stack trace:
#0 C:\laragon\www\jarotek\Hry\system\Database\MySQLi\Connection.php(327): mysqli->query('CREATE TABLE `h...', 0)
#1 C:\laragon\www\jarotek\Hry\system\Database\BaseConnection.php(738): CodeIgniter\Database\MySQLi\Connection->execute('CREATE TABLE `h...')
#2 C:\laragon\www\jarotek\Hry\system\Database\BaseConnection.php(652): CodeIgniter\Database\BaseConnection->simpleQuery('CREATE TABLE `h...')
#3 C:\laragon\www\jarotek\Hry\system\Database\Forge.php(570): CodeIgniter\Database\BaseConnection->query('CREATE TABLE `h...')
#4 C:\laragon\www\jarotek\Hry\app\Database\Migrations\2025-03-23-121200_MigrationHra.php(22): CodeIgniter\Database\Forge->createTable('hra')
#5 C:\laragon\www\jarotek\Hry\system\Database\MigrationRunner.php(866): App\Database\Migrations\MigrationHra->up()
#6 C:\laragon\www\jarotek\Hry\system\Database\MigrationRunner.php(182): CodeIgniter\Database\MigrationRunner->migrate('up', Object(stdClass))
#7 C:\laragon\www\jarotek\Hry\system\Commands\Database\Migrate.php(85): CodeIgniter\Database\MigrationRunner->latest(NULL)
#8 C:\laragon\www\jarotek\Hry\system\CLI\Commands.php(70): CodeIgniter\Commands\Database\Migrate->run(Array)
#9 C:\laragon\www\jarotek\Hry\system\CLI\Console.php(48): CodeIgniter\CLI\Commands->run('migrate', Array)
#10 C:\laragon\www\jarotek\Hry\system\Boot.php(360): CodeIgniter\CLI\Console->run()
#11 C:\laragon\www\jarotek\Hry\system\Boot.php(104): CodeIgniter\Boot::runCommand(Object(CodeIgniter\CLI\Console))
#12 C:\laragon\www\jarotek\Hry\spark(84): CodeIgniter\Boot::bootSpark(Object(Config\Paths))
#13 {main}
ERROR - 2025-05-02 10:05:30 --> mysqli_sql_exception: You have an error in your SQL syntax; check the manual that corresponds to your MySQL server version for the right syntax to use near '1 PRIMARY KEY(`id`),
	CONSTRAINT `hra_id_tvurce_foreign` FOREIGN KEY (`id_tvurce' at line 9 in C:\laragon\www\jarotek\Hry\system\Database\MySQLi\Connection.php:327
Stack trace:
#0 C:\laragon\www\jarotek\Hry\system\Database\MySQLi\Connection.php(327): mysqli->query('CREATE TABLE `h...', 0)
#1 C:\laragon\www\jarotek\Hry\system\Database\BaseConnection.php(738): CodeIgniter\Database\MySQLi\Connection->execute('CREATE TABLE `h...')
#2 C:\laragon\www\jarotek\Hry\system\Database\BaseConnection.php(652): CodeIgniter\Database\BaseConnection->simpleQuery('CREATE TABLE `h...')
#3 C:\laragon\www\jarotek\Hry\system\Database\Forge.php(570): CodeIgniter\Database\BaseConnection->query('CREATE TABLE `h...')
#4 C:\laragon\www\jarotek\Hry\app\Database\Migrations\2025-03-23-121200_MigrationHra.php(22): CodeIgniter\Database\Forge->createTable('hra')
#5 C:\laragon\www\jarotek\Hry\system\Database\MigrationRunner.php(866): App\Database\Migrations\MigrationHra->up()
#6 C:\laragon\www\jarotek\Hry\system\Database\MigrationRunner.php(182): CodeIgniter\Database\MigrationRunner->migrate('up', Object(stdClass))
#7 C:\laragon\www\jarotek\Hry\system\Commands\Database\Migrate.php(85): CodeIgniter\Database\MigrationRunner->latest(NULL)
#8 C:\laragon\www\jarotek\Hry\system\CLI\Commands.php(70): CodeIgniter\Commands\Database\Migrate->run(Array)
#9 C:\laragon\www\jarotek\Hry\system\CLI\Console.php(48): CodeIgniter\CLI\Commands->run('migrate', Array)
#10 C:\laragon\www\jarotek\Hry\system\Boot.php(360): CodeIgniter\CLI\Console->run()
#11 C:\laragon\www\jarotek\Hry\system\Boot.php(104): CodeIgniter\Boot::runCommand(Object(CodeIgniter\CLI\Console))
#12 C:\laragon\www\jarotek\Hry\spark(84): CodeIgniter\Boot::bootSpark(Object(Config\Paths))
#13 {main}
ERROR - 2025-05-02 10:08:11 --> mysqli_sql_exception: You have an error in your SQL syntax; check the manual that corresponds to your MySQL server version for the right syntax to use near '1 PRIMARY KEY(`id`),
	CONSTRAINT `hra_id_tvurce_foreign` FOREIGN KEY (`id_tvurce' at line 9 in C:\laragon\www\jarotek\Hry\system\Database\MySQLi\Connection.php:327
Stack trace:
#0 C:\laragon\www\jarotek\Hry\system\Database\MySQLi\Connection.php(327): mysqli->query('CREATE TABLE `h...', 0)
#1 C:\laragon\www\jarotek\Hry\system\Database\BaseConnection.php(738): CodeIgniter\Database\MySQLi\Connection->execute('CREATE TABLE `h...')
#2 C:\laragon\www\jarotek\Hry\system\Database\BaseConnection.php(652): CodeIgniter\Database\BaseConnection->simpleQuery('CREATE TABLE `h...')
#3 C:\laragon\www\jarotek\Hry\system\Database\Forge.php(570): CodeIgniter\Database\BaseConnection->query('CREATE TABLE `h...')
#4 C:\laragon\www\jarotek\Hry\app\Database\Migrations\2025-03-23-121200_MigrationHra.php(22): CodeIgniter\Database\Forge->createTable('hra')
#5 C:\laragon\www\jarotek\Hry\system\Database\MigrationRunner.php(866): App\Database\Migrations\MigrationHra->up()
#6 C:\laragon\www\jarotek\Hry\system\Database\MigrationRunner.php(182): CodeIgniter\Database\MigrationRunner->migrate('up', Object(stdClass))
#7 C:\laragon\www\jarotek\Hry\system\Commands\Database\Migrate.php(85): CodeIgniter\Database\MigrationRunner->latest(NULL)
#8 C:\laragon\www\jarotek\Hry\system\CLI\Commands.php(70): CodeIgniter\Commands\Database\Migrate->run(Array)
#9 C:\laragon\www\jarotek\Hry\system\CLI\Console.php(48): CodeIgniter\CLI\Commands->run('migrate', Array)
#10 C:\laragon\www\jarotek\Hry\system\Boot.php(360): CodeIgniter\CLI\Console->run()
#11 C:\laragon\www\jarotek\Hry\system\Boot.php(104): CodeIgniter\Boot::runCommand(Object(CodeIgniter\CLI\Console))
#12 C:\laragon\www\jarotek\Hry\spark(84): CodeIgniter\Boot::bootSpark(Object(Config\Paths))
#13 {main}
ERROR - 2025-05-02 10:12:23 --> mysqli_sql_exception: You have an error in your SQL syntax; check the manual that corresponds to your MySQL server version for the right syntax to use near '1 PRIMARY KEY(`id`),
	CONSTRAINT `hra_id_tvurce_foreign` FOREIGN KEY (`id_tvurce' at line 9 in C:\laragon\www\jarotek\Hry\system\Database\MySQLi\Connection.php:327
Stack trace:
#0 C:\laragon\www\jarotek\Hry\system\Database\MySQLi\Connection.php(327): mysqli->query('CREATE TABLE `h...', 0)
#1 C:\laragon\www\jarotek\Hry\system\Database\BaseConnection.php(738): CodeIgniter\Database\MySQLi\Connection->execute('CREATE TABLE `h...')
#2 C:\laragon\www\jarotek\Hry\system\Database\BaseConnection.php(652): CodeIgniter\Database\BaseConnection->simpleQuery('CREATE TABLE `h...')
#3 C:\laragon\www\jarotek\Hry\system\Database\Forge.php(570): CodeIgniter\Database\BaseConnection->query('CREATE TABLE `h...')
#4 C:\laragon\www\jarotek\Hry\app\Database\Migrations\2025-03-23-121200_MigrationHra.php(22): CodeIgniter\Database\Forge->createTable('hra')
#5 C:\laragon\www\jarotek\Hry\system\Database\MigrationRunner.php(866): App\Database\Migrations\MigrationHra->up()
#6 C:\laragon\www\jarotek\Hry\system\Database\MigrationRunner.php(182): CodeIgniter\Database\MigrationRunner->migrate('up', Object(stdClass))
#7 C:\laragon\www\jarotek\Hry\system\Commands\Database\Migrate.php(85): CodeIgniter\Database\MigrationRunner->latest(NULL)
#8 C:\laragon\www\jarotek\Hry\system\CLI\Commands.php(70): CodeIgniter\Commands\Database\Migrate->run(Array)
#9 C:\laragon\www\jarotek\Hry\system\CLI\Console.php(48): CodeIgniter\CLI\Commands->run('migrate', Array)
#10 C:\laragon\www\jarotek\Hry\system\Boot.php(360): CodeIgniter\CLI\Console->run()
#11 C:\laragon\www\jarotek\Hry\system\Boot.php(104): CodeIgniter\Boot::runCommand(Object(CodeIgniter\CLI\Console))
#12 C:\laragon\www\jarotek\Hry\spark(84): CodeIgniter\Boot::bootSpark(Object(Config\Paths))
#13 {main}
